Centering ligands at (   0.198,    0.004,    0.030)
Atom names contain duplications -- renaming all atoms.
WARNING:  structure contains double bonds but no aromatic bonds
  Aromatic bonds must be identified explicitly --
  alternating single/double bonds (Kekule structure) won't cut it.
  This warning does not apply to you if your molecule really isn't aromatic.
Total naive charge -1.580, desired charge 0.000, offsetting all atoms by 0.039
WARNING: fragment 1 has 40 total atoms including H; protein residues have 7 - 24 (DNA: 33)
WARNING: fragment 1 has 7 rotatable bonds; protein residues have 0 - 4
Average 40.0 atoms (22.0 non-H atoms) per fragment
(Proteins average 15.5 atoms (7.8 non-H atoms) per residue)
Preforming polymer modifications
PEPTOID False
CA or NA index is 2
ALL TO ALL DIST
(  C1  C   -3.206   -1.432    0.066) [0, 1e+100, 1, 2, 1e+100, 1e+100, 1e+100, 1e+100, 1e+100, 1e+100, 3, 4, 5, 6, 5, 4, 7, 8, 9, 10, 9, 8, 1e+100, 1e+100, 1e+100, 1e+100, 1e+100, 1e+100, 1e+100, 1e+100, 1e+100, 1e+100, 1e+100, 1e+100, 1e+100, 1e+100, 1e+100, 1e+100, 1e+100, 1e+100]
(  N1  N   -3.697    0.990    0.077) [1e+100, 0, 1, 2, 1e+100, 1e+100, 1e+100, 1e+100, 1e+100, 1e+100, 3, 4, 5, 6, 5, 4, 7, 8, 9, 10, 9, 8, 1e+100, 1e+100, 1e+100, 1e+100, 1e+100, 1e+100, 1e+100, 1e+100, 1e+100, 1e+100, 1e+100, 1e+100, 1e+100, 1e+100, 1e+100, 1e+100, 1e+100, 1e+100]
(  C2  C   -2.630   -0.003    0.142) [1e+100, 1e+100, 0, 1, 1e+100, 1e+100, 1e+100, 1e+100, 1e+100, 1e+100, 2, 3, 4, 5, 4, 3, 6, 7, 8, 9, 8, 7, 1e+100, 1e+100, 1e+100, 1e+100, 1e+100, 1e+100, 1e+100, 1e+100, 1e+100, 1e+100, 1e+100, 1e+100, 1e+100, 1e+100, 1e+100, 1e+100, 1e+100, 1e+100]
(  C3  C   -1.689    0.166    1.370) [1e+100, 1e+100, 1, 0, 1e+100, 1e+100, 1e+100, 1e+100, 1e+100, 1e+100, 1, 2, 3, 4, 3, 2, 5, 6, 7, 8, 7, 6, 1e+100, 1e+100, 1e+100, 1e+100, 1e+100, 1e+100, 1e+100, 1e+100, 1e+100, 1e+100, 1e+100, 1e+100, 1e+100, 1e+100, 1e+100, 1e+100, 1e+100, 1e+100]
(  O1  O   -2.622   -2.385    0.574) [1e+100, 1e+100, 1e+100, 1e+100, 0, 1e+100, 1e+100, 1e+100, 1e+100, 1e+100, 1e+100, 1e+100, 1e+100, 1e+100, 1e+100, 1e+100, 1e+100, 1e+100, 1e+100, 1e+100, 1e+100, 1e+100, 1e+100, 1e+100, 1e+100, 1e+100, 1e+100, 1e+100, 1e+100, 1e+100, 1e+100, 1e+100, 1e+100, 1e+100, 1e+100, 1e+100, 1e+100, 1e+100, 1e+100, 1e+100]
(  N2  N   -4.363   -1.537   -0.634) [1e+100, 1e+100, 1e+100, 1e+100, 1e+100, 0, 1e+100, 1e+100, 1e+100, 1e+100, 1e+100, 1e+100, 1e+100, 1e+100, 1e+100, 1e+100, 1e+100, 1e+100, 1e+100, 1e+100, 1e+100, 1e+100, 1e+100, 1e+100, 1e+100, 1e+100, 1e+100, 1e+100, 1e+100, 1e+100, 1e+100, 1e+100, 1e+100, 1e+100, 1e+100, 1e+100, 1e+100, 1e+100, 1e+100, 1e+100]
(  C4  C   -5.025   -2.806   -0.872) [1e+100, 1e+100, 1e+100, 1e+100, 1e+100, 1e+100, 0, 1e+100, 1e+100, 1e+100, 1e+100, 1e+100, 1e+100, 1e+100, 1e+100, 1e+100, 1e+100, 1e+100, 1e+100, 1e+100, 1e+100, 1e+100, 1e+100, 1e+100, 1e+100, 1e+100, 1e+100, 1e+100, 1e+100, 1e+100, 1e+100, 1e+100, 1e+100, 1e+100, 1e+100, 1e+100, 1e+100, 1e+100, 1e+100, 1e+100]
(  C5  C   -3.565    2.275   -0.429) [1e+100, 1e+100, 1e+100, 1e+100, 1e+100, 1e+100, 1e+100, 0, 1e+100, 1e+100, 1e+100, 1e+100, 1e+100, 1e+100, 1e+100, 1e+100, 1e+100, 1e+100, 1e+100, 1e+100, 1e+100, 1e+100, 1e+100, 1e+100, 1e+100, 1e+100, 1e+100, 1e+100, 1e+100, 1e+100, 1e+100, 1e+100, 1e+100, 1e+100, 1e+100, 1e+100, 1e+100, 1e+100, 1e+100, 1e+100]
(  O2  O   -4.380    3.138   -0.144) [1e+100, 1e+100, 1e+100, 1e+100, 1e+100, 1e+100, 1e+100, 1e+100, 0, 1e+100, 1e+100, 1e+100, 1e+100, 1e+100, 1e+100, 1e+100, 1e+100, 1e+100, 1e+100, 1e+100, 1e+100, 1e+100, 1e+100, 1e+100, 1e+100, 1e+100, 1e+100, 1e+100, 1e+100, 1e+100, 1e+100, 1e+100, 1e+100, 1e+100, 1e+100, 1e+100, 1e+100, 1e+100, 1e+100, 1e+100]
(  C6  C   -2.399    2.526   -1.370) [1e+100, 1e+100, 1e+100, 1e+100, 1e+100, 1e+100, 1e+100, 1e+100, 1e+100, 0, 1e+100, 1e+100, 1e+100, 1e+100, 1e+100, 1e+100, 1e+100, 1e+100, 1e+100, 1e+100, 1e+100, 1e+100, 1e+100, 1e+100, 1e+100, 1e+100, 1e+100, 1e+100, 1e+100, 1e+100, 1e+100, 1e+100, 1e+100, 1e+100, 1e+100, 1e+100, 1e+100, 1e+100, 1e+100, 1e+100]
(  C7  C   -0.229    0.022    1.020) [1e+100, 1e+100, 2, 1, 1e+100, 1e+100, 1e+100, 1e+100, 1e+100, 1e+100, 0, 1, 2, 3, 2, 1, 4, 5, 6, 7, 6, 5, 1e+100, 1e+100, 1e+100, 1e+100, 1e+100, 1e+100, 1e+100, 1e+100, 1e+100, 1e+100, 1e+100, 1e+100, 1e+100, 1e+100, 1e+100, 1e+100, 1e+100, 1e+100]
(  C8  C    0.334   -1.196    0.615) [1e+100, 1e+100, 3, 2, 1e+100, 1e+100, 1e+100, 1e+100, 1e+100, 1e+100, 1, 0, 1, 2, 3, 2, 3, 4, 5, 6, 5, 4, 1e+100, 1e+100, 1e+100, 1e+100, 1e+100, 1e+100, 1e+100, 1e+100, 1e+100, 1e+100, 1e+100, 1e+100, 1e+100, 1e+100, 1e+100, 1e+100, 1e+100, 1e+100]
(  C9  C    1.679   -1.244    0.273) [1e+100, 1e+100, 4, 3, 1e+100, 1e+100, 1e+100, 1e+100, 1e+100, 1e+100, 2, 1, 0, 1, 2, 3, 2, 3, 4, 5, 4, 3, 1e+100, 1e+100, 1e+100, 1e+100, 1e+100, 1e+100, 1e+100, 1e+100, 1e+100, 1e+100, 1e+100, 1e+100, 1e+100, 1e+100, 1e+100, 1e+100, 1e+100, 1e+100]
( C10  C    2.442   -0.069    0.338) [1e+100, 1e+100, 5, 4, 1e+100, 1e+100, 1e+100, 1e+100, 1e+100, 1e+100, 3, 2, 1, 0, 1, 2, 1, 2, 3, 4, 3, 2, 1e+100, 1e+100, 1e+100, 1e+100, 1e+100, 1e+100, 1e+100, 1e+100, 1e+100, 1e+100, 1e+100, 1e+100, 1e+100, 1e+100, 1e+100, 1e+100, 1e+100, 1e+100]
(  N3  N    1.915    1.105    0.726) [1e+100, 1e+100, 4, 3, 1e+100, 1e+100, 1e+100, 1e+100, 1e+100, 1e+100, 2, 3, 2, 1, 0, 1, 2, 3, 4, 5, 4, 3, 1e+100, 1e+100, 1e+100, 1e+100, 1e+100, 1e+100, 1e+100, 1e+100, 1e+100, 1e+100, 1e+100, 1e+100, 1e+100, 1e+100, 1e+100, 1e+100, 1e+100, 1e+100]
( C11  C    0.623    1.133    1.054) [1e+100, 1e+100, 3, 2, 1e+100, 1e+100, 1e+100, 1e+100, 1e+100, 1e+100, 1, 2, 3, 2, 1, 0, 3, 4, 5, 6, 5, 4, 1e+100, 1e+100, 1e+100, 1e+100, 1e+100, 1e+100, 1e+100, 1e+100, 1e+100, 1e+100, 1e+100, 1e+100, 1e+100, 1e+100, 1e+100, 1e+100, 1e+100, 1e+100]
( C12  C    3.884   -0.073   -0.023) [1e+100, 1e+100, 6, 5, 1e+100, 1e+100, 1e+100, 1e+100, 1e+100, 1e+100, 4, 3, 2, 1, 2, 3, 0, 1, 2, 3, 2, 1, 1e+100, 1e+100, 1e+100, 1e+100, 1e+100, 1e+100, 1e+100, 1e+100, 1e+100, 1e+100, 1e+100, 1e+100, 1e+100, 1e+100, 1e+100, 1e+100, 1e+100, 1e+100]
(  N4  N    4.406   -1.245   -0.427) [1e+100, 1e+100, 7, 6, 1e+100, 1e+100, 1e+100, 1e+100, 1e+100, 1e+100, 5, 4, 3, 2, 3, 4, 1, 0, 1, 2, 3, 2, 1e+100, 1e+100, 1e+100, 1e+100, 1e+100, 1e+100, 1e+100, 1e+100, 1e+100, 1e+100, 1e+100, 1e+100, 1e+100, 1e+100, 1e+100, 1e+100, 1e+100, 1e+100]
( C13  C    5.699   -1.275   -0.756) [1e+100, 1e+100, 8, 7, 1e+100, 1e+100, 1e+100, 1e+100, 1e+100, 1e+100, 6, 5, 4, 3, 4, 5, 2, 1, 0, 1, 2, 3, 1e+100, 1e+100, 1e+100, 1e+100, 1e+100, 1e+100, 1e+100, 1e+100, 1e+100, 1e+100, 1e+100, 1e+100, 1e+100, 1e+100, 1e+100, 1e+100, 1e+100, 1e+100]
( C14  C    6.537   -0.161   -0.706) [1e+100, 1e+100, 9, 8, 1e+100, 1e+100, 1e+100, 1e+100, 1e+100, 1e+100, 7, 6, 5, 4, 5, 6, 3, 2, 1, 0, 1, 2, 1e+100, 1e+100, 1e+100, 1e+100, 1e+100, 1e+100, 1e+100, 1e+100, 1e+100, 1e+100, 1e+100, 1e+100, 1e+100, 1e+100, 1e+100, 1e+100, 1e+100, 1e+100]
( C15  C    5.991    1.052   -0.286) [1e+100, 1e+100, 8, 7, 1e+100, 1e+100, 1e+100, 1e+100, 1e+100, 1e+100, 6, 5, 4, 3, 4, 5, 2, 3, 2, 1, 0, 1, 1e+100, 1e+100, 1e+100, 1e+100, 1e+100, 1e+100, 1e+100, 1e+100, 1e+100, 1e+100, 1e+100, 1e+100, 1e+100, 1e+100, 1e+100, 1e+100, 1e+100, 1e+100]
( C16  C    4.645    1.101    0.060) [1e+100, 1e+100, 7, 6, 1e+100, 1e+100, 1e+100, 1e+100, 1e+100, 1e+100, 5, 4, 3, 2, 3, 4, 1, 2, 3, 2, 1, 0, 1e+100, 1e+100, 1e+100, 1e+100, 1e+100, 1e+100, 1e+100, 1e+100, 1e+100, 1e+100, 1e+100, 1e+100, 1e+100, 1e+100, 1e+100, 1e+100, 1e+100, 1e+100]
(  H1  H   -4.389    0.952    0.820) [1e+100, 1e+100, 1e+100, 1e+100, 1e+100, 1e+100, 1e+100, 1e+100, 1e+100, 1e+100, 1e+100, 1e+100, 1e+100, 1e+100, 1e+100, 1e+100, 1e+100, 1e+100, 1e+100, 1e+100, 1e+100, 1e+100, 0, 1e+100, 1e+100, 1e+100, 1e+100, 1e+100, 1e+100, 1e+100, 1e+100, 1e+100, 1e+100, 1e+100, 1e+100, 1e+100, 1e+100, 1e+100, 1e+100, 1e+100]
(  H2  H   -2.033    0.114   -0.766) [1e+100, 1e+100, 1, 2, 1e+100, 1e+100, 1e+100, 1e+100, 1e+100, 1e+100, 3, 4, 5, 6, 5, 4, 7, 8, 9, 10, 9, 8, 1e+100, 0, 1e+100, 1e+100, 1e+100, 1e+100, 1e+100, 1e+100, 1e+100, 1e+100, 1e+100, 1e+100, 1e+100, 1e+100, 1e+100, 1e+100, 1e+100, 1e+100]
(  H3  H   -1.859    1.164    1.786) [1e+100, 1e+100, 2, 1, 1e+100, 1e+100, 1e+100, 1e+100, 1e+100, 1e+100, 2, 3, 4, 5, 4, 3, 6, 7, 8, 9, 8, 7, 1e+100, 1e+100, 0, 1e+100, 1e+100, 1e+100, 1e+100, 1e+100, 1e+100, 1e+100, 1e+100, 1e+100, 1e+100, 1e+100, 1e+100, 1e+100, 1e+100, 1e+100]
(  H4  H   -1.970   -0.567    2.133) [1e+100, 1e+100, 2, 1, 1e+100, 1e+100, 1e+100, 1e+100, 1e+100, 1e+100, 2, 3, 4, 5, 4, 3, 6, 7, 8, 9, 8, 7, 1e+100, 1e+100, 1e+100, 0, 1e+100, 1e+100, 1e+100, 1e+100, 1e+100, 1e+100, 1e+100, 1e+100, 1e+100, 1e+100, 1e+100, 1e+100, 1e+100, 1e+100]
(  H5  H   -4.764   -0.680   -0.990) [1e+100, 1e+100, 1e+100, 1e+100, 1e+100, 1e+100, 1e+100, 1e+100, 1e+100, 1e+100, 1e+100, 1e+100, 1e+100, 1e+100, 1e+100, 1e+100, 1e+100, 1e+100, 1e+100, 1e+100, 1e+100, 1e+100, 1e+100, 1e+100, 1e+100, 1e+100, 0, 1e+100, 1e+100, 1e+100, 1e+100, 1e+100, 1e+100, 1e+100, 1e+100, 1e+100, 1e+100, 1e+100, 1e+100, 1e+100]
(  H6  H   -4.439   -3.580   -0.374) [1e+100, 1e+100, 1e+100, 1e+100, 1e+100, 1e+100, 1e+100, 1e+100, 1e+100, 1e+100, 1e+100, 1e+100, 1e+100, 1e+100, 1e+100, 1e+100, 1e+100, 1e+100, 1e+100, 1e+100, 1e+100, 1e+100, 1e+100, 1e+100, 1e+100, 1e+100, 1e+100, 0, 1e+100, 1e+100, 1e+100, 1e+100, 1e+100, 1e+100, 1e+100, 1e+100, 1e+100, 1e+100, 1e+100, 1e+100]
(  H7  H   -6.041   -2.802   -0.461) [1e+100, 1e+100, 1e+100, 1e+100, 1e+100, 1e+100, 1e+100, 1e+100, 1e+100, 1e+100, 1e+100, 1e+100, 1e+100, 1e+100, 1e+100, 1e+100, 1e+100, 1e+100, 1e+100, 1e+100, 1e+100, 1e+100, 1e+100, 1e+100, 1e+100, 1e+100, 1e+100, 1e+100, 0, 1e+100, 1e+100, 1e+100, 1e+100, 1e+100, 1e+100, 1e+100, 1e+100, 1e+100, 1e+100, 1e+100]
(  H8  H   -5.077   -3.028   -1.944) [1e+100, 1e+100, 1e+100, 1e+100, 1e+100, 1e+100, 1e+100, 1e+100, 1e+100, 1e+100, 1e+100, 1e+100, 1e+100, 1e+100, 1e+100, 1e+100, 1e+100, 1e+100, 1e+100, 1e+100, 1e+100, 1e+100, 1e+100, 1e+100, 1e+100, 1e+100, 1e+100, 1e+100, 1e+100, 0, 1e+100, 1e+100, 1e+100, 1e+100, 1e+100, 1e+100, 1e+100, 1e+100, 1e+100, 1e+100]
(  H9  H   -2.407    1.829   -2.216) [1e+100, 1e+100, 1e+100, 1e+100, 1e+100, 1e+100, 1e+100, 1e+100, 1e+100, 1e+100, 1e+100, 1e+100, 1e+100, 1e+100, 1e+100, 1e+100, 1e+100, 1e+100, 1e+100, 1e+100, 1e+100, 1e+100, 1e+100, 1e+100, 1e+100, 1e+100, 1e+100, 1e+100, 1e+100, 1e+100, 0, 1e+100, 1e+100, 1e+100, 1e+100, 1e+100, 1e+100, 1e+100, 1e+100, 1e+100]
( H10  H   -2.485    3.546   -1.744) [1e+100, 1e+100, 1e+100, 1e+100, 1e+100, 1e+100, 1e+100, 1e+100, 1e+100, 1e+100, 1e+100, 1e+100, 1e+100, 1e+100, 1e+100, 1e+100, 1e+100, 1e+100, 1e+100, 1e+100, 1e+100, 1e+100, 1e+100, 1e+100, 1e+100, 1e+100, 1e+100, 1e+100, 1e+100, 1e+100, 1e+100, 0, 1e+100, 1e+100, 1e+100, 1e+100, 1e+100, 1e+100, 1e+100, 1e+100]
( H11  H   -1.438    2.409   -0.856) [1e+100, 1e+100, 1e+100, 1e+100, 1e+100, 1e+100, 1e+100, 1e+100, 1e+100, 1e+100, 1e+100, 1e+100, 1e+100, 1e+100, 1e+100, 1e+100, 1e+100, 1e+100, 1e+100, 1e+100, 1e+100, 1e+100, 1e+100, 1e+100, 1e+100, 1e+100, 1e+100, 1e+100, 1e+100, 1e+100, 1e+100, 1e+100, 0, 1e+100, 1e+100, 1e+100, 1e+100, 1e+100, 1e+100, 1e+100]
( H12  H   -0.291   -2.082    0.573) [1e+100, 1e+100, 4, 3, 1e+100, 1e+100, 1e+100, 1e+100, 1e+100, 1e+100, 2, 1, 2, 3, 4, 3, 4, 5, 6, 7, 6, 5, 1e+100, 1e+100, 1e+100, 1e+100, 1e+100, 1e+100, 1e+100, 1e+100, 1e+100, 1e+100, 1e+100, 0, 1e+100, 1e+100, 1e+100, 1e+100, 1e+100, 1e+100]
( H13  H    2.157   -2.163   -0.043) [1e+100, 1e+100, 5, 4, 1e+100, 1e+100, 1e+100, 1e+100, 1e+100, 1e+100, 3, 2, 1, 2, 3, 4, 3, 4, 5, 6, 5, 4, 1e+100, 1e+100, 1e+100, 1e+100, 1e+100, 1e+100, 1e+100, 1e+100, 1e+100, 1e+100, 1e+100, 1e+100, 0, 1e+100, 1e+100, 1e+100, 1e+100, 1e+100]
( H14  H    0.234    2.101    1.372) [1e+100, 1e+100, 4, 3, 1e+100, 1e+100, 1e+100, 1e+100, 1e+100, 1e+100, 2, 3, 4, 3, 2, 1, 4, 5, 6, 7, 6, 5, 1e+100, 1e+100, 1e+100, 1e+100, 1e+100, 1e+100, 1e+100, 1e+100, 1e+100, 1e+100, 1e+100, 1e+100, 1e+100, 0, 1e+100, 1e+100, 1e+100, 1e+100]
( H15  H    6.086   -2.241   -1.078) [1e+100, 1e+100, 9, 8, 1e+100, 1e+100, 1e+100, 1e+100, 1e+100, 1e+100, 7, 6, 5, 4, 5, 6, 3, 2, 1, 2, 3, 4, 1e+100, 1e+100, 1e+100, 1e+100, 1e+100, 1e+100, 1e+100, 1e+100, 1e+100, 1e+100, 1e+100, 1e+100, 1e+100, 1e+100, 0, 1e+100, 1e+100, 1e+100]
( H16  H    7.583   -0.245   -0.986) [1e+100, 1e+100, 10, 9, 1e+100, 1e+100, 1e+100, 1e+100, 1e+100, 1e+100, 8, 7, 6, 5, 6, 7, 4, 3, 2, 1, 2, 3, 1e+100, 1e+100, 1e+100, 1e+100, 1e+100, 1e+100, 1e+100, 1e+100, 1e+100, 1e+100, 1e+100, 1e+100, 1e+100, 1e+100, 1e+100, 0, 1e+100, 1e+100]
( H17  H    6.605    1.947   -0.231) [1e+100, 1e+100, 9, 8, 1e+100, 1e+100, 1e+100, 1e+100, 1e+100, 1e+100, 7, 6, 5, 4, 5, 6, 3, 4, 3, 2, 1, 2, 1e+100, 1e+100, 1e+100, 1e+100, 1e+100, 1e+100, 1e+100, 1e+100, 1e+100, 1e+100, 1e+100, 1e+100, 1e+100, 1e+100, 1e+100, 1e+100, 0, 1e+100]
( H18  H    4.167    2.014    0.393) [1e+100, 1e+100, 8, 7, 1e+100, 1e+100, 1e+100, 1e+100, 1e+100, 1e+100, 6, 5, 4, 3, 4, 5, 2, 3, 4, 3, 2, 1, 1e+100, 1e+100, 1e+100, 1e+100, 1e+100, 1e+100, 1e+100, 1e+100, 1e+100, 1e+100, 1e+100, 1e+100, 1e+100, 1e+100, 1e+100, 1e+100, 1e+100, 0]
ALL TO ALL DIST CA INDEX
[1e+100, 1e+100, 0, 1, 1e+100, 1e+100, 1e+100, 1e+100, 1e+100, 1e+100, 2, 3, 4, 5, 4, 3, 6, 7, 8, 9, 8, 7, 1e+100, 1e+100, 1e+100, 1e+100, 1e+100, 1e+100, 1e+100, 1e+100, 1e+100, 1e+100, 1e+100, 1e+100, 1e+100, 1e+100, 1e+100, 1e+100, 1e+100, 1e+100]
[' ', ' ', ' ', 'B', ' ', ' ', ' ', ' ', ' ', ' ', 'G', 'D', 'E', 'Z', 'E', 'D', 'T', 'I', 'K', 'L', 'K', 'I']
DEBUG CA_BB:  (  C2  C   -2.630   -0.003    0.142) :   : C :   :  
(  C2  C   -2.630   -0.003    0.142) --- (  C1  C   -3.206   -1.432    0.066)
(  C2  C   -2.630   -0.003    0.142) --- (  N1  N   -3.697    0.990    0.077)
(  C2  C   -2.630   -0.003    0.142) --- (  H2  H   -2.033    0.114   -0.766)
(  C2  C   -2.630   -0.003    0.142) --- (  C3  C   -1.689    0.166    1.370)
DEBUG:   C  
DEBUG:   N  
DEBUG:   H  
DEBUG:   CB 
True  N    CA   C    O  
WARNING: very small d=0.000000 for  N1
Wrote polymer params file BP5.params
Wrote kinemage file BP5.kin
