Centering ligands at (   0.077,    0.022,    0.031)
Atom names contain duplications -- renaming all atoms.
WARNING:  structure contains double bonds but no aromatic bonds
  Aromatic bonds must be identified explicitly --
  alternating single/double bonds (Kekule structure) won't cut it.
  This warning does not apply to you if your molecule really isn't aromatic.
Total naive charge 0.515, desired charge 0.000, offsetting all atoms by -0.017
WARNING: fragment 1 has 31 total atoms including H; protein residues have 7 - 24 (DNA: 33)
WARNING: fragment 1 has 7 rotatable bonds; protein residues have 0 - 4
Average 31.0 atoms (13.0 non-H atoms) per fragment
(Proteins average 15.5 atoms (7.8 non-H atoms) per residue)
Preforming polymer modifications
PEPTOID False
CA or NA index is 2
ALL TO ALL DIST
(  C1  C   -0.097   -1.074    0.026) [0, 1e+100, 1, 2, 1e+100, 1e+100, 1e+100, 1e+100, 1e+100, 1e+100, 3, 4, 5, 1e+100, 1e+100, 1e+100, 1e+100, 1e+100, 1e+100, 1e+100, 1e+100, 1e+100, 1e+100, 1e+100, 1e+100, 1e+100, 1e+100, 1e+100, 1e+100, 1e+100, 1e+100]
(  N1  N    1.458    0.770    0.623) [1e+100, 0, 1, 2, 1e+100, 1e+100, 1e+100, 1e+100, 1e+100, 1e+100, 3, 4, 5, 1e+100, 1e+100, 1e+100, 1e+100, 1e+100, 1e+100, 1e+100, 1e+100, 1e+100, 1e+100, 1e+100, 1e+100, 1e+100, 1e+100, 1e+100, 1e+100, 1e+100, 1e+100]
(  C2  C    0.113    0.443    0.185) [1e+100, 1e+100, 0, 1, 1e+100, 1e+100, 1e+100, 1e+100, 1e+100, 1e+100, 2, 3, 4, 1e+100, 1e+100, 1e+100, 1e+100, 1e+100, 1e+100, 1e+100, 1e+100, 1e+100, 1e+100, 1e+100, 1e+100, 1e+100, 1e+100, 1e+100, 1e+100, 1e+100, 1e+100]
(  C3  C   -0.936    1.046    1.167) [1e+100, 1e+100, 1, 0, 1e+100, 1e+100, 1e+100, 1e+100, 1e+100, 1e+100, 1, 2, 3, 1e+100, 1e+100, 1e+100, 1e+100, 1e+100, 1e+100, 1e+100, 1e+100, 1e+100, 1e+100, 1e+100, 1e+100, 1e+100, 1e+100, 1e+100, 1e+100, 1e+100, 1e+100]
(  O1  O   -1.149   -1.520   -0.493) [1e+100, 1e+100, 1e+100, 1e+100, 0, 1e+100, 1e+100, 1e+100, 1e+100, 1e+100, 1e+100, 1e+100, 1e+100, 1e+100, 1e+100, 1e+100, 1e+100, 1e+100, 1e+100, 1e+100, 1e+100, 1e+100, 1e+100, 1e+100, 1e+100, 1e+100, 1e+100, 1e+100, 1e+100, 1e+100, 1e+100]
(  N2  N    0.870   -1.863    0.476) [1e+100, 1e+100, 1e+100, 1e+100, 1e+100, 0, 1e+100, 1e+100, 1e+100, 1e+100, 1e+100, 1e+100, 1e+100, 1e+100, 1e+100, 1e+100, 1e+100, 1e+100, 1e+100, 1e+100, 1e+100, 1e+100, 1e+100, 1e+100, 1e+100, 1e+100, 1e+100, 1e+100, 1e+100, 1e+100, 1e+100]
(  C4  C    0.837   -3.321    0.425) [1e+100, 1e+100, 1e+100, 1e+100, 1e+100, 1e+100, 0, 1e+100, 1e+100, 1e+100, 1e+100, 1e+100, 1e+100, 1e+100, 1e+100, 1e+100, 1e+100, 1e+100, 1e+100, 1e+100, 1e+100, 1e+100, 1e+100, 1e+100, 1e+100, 1e+100, 1e+100, 1e+100, 1e+100, 1e+100, 1e+100]
(  C5  C    2.558    1.059   -0.190) [1e+100, 1e+100, 1e+100, 1e+100, 1e+100, 1e+100, 1e+100, 0, 1e+100, 1e+100, 1e+100, 1e+100, 1e+100, 1e+100, 1e+100, 1e+100, 1e+100, 1e+100, 1e+100, 1e+100, 1e+100, 1e+100, 1e+100, 1e+100, 1e+100, 1e+100, 1e+100, 1e+100, 1e+100, 1e+100, 1e+100]
(  O2  O    3.571    1.504    0.308) [1e+100, 1e+100, 1e+100, 1e+100, 1e+100, 1e+100, 1e+100, 1e+100, 0, 1e+100, 1e+100, 1e+100, 1e+100, 1e+100, 1e+100, 1e+100, 1e+100, 1e+100, 1e+100, 1e+100, 1e+100, 1e+100, 1e+100, 1e+100, 1e+100, 1e+100, 1e+100, 1e+100, 1e+100, 1e+100, 1e+100]
(  C6  C    2.406    0.767   -1.671) [1e+100, 1e+100, 1e+100, 1e+100, 1e+100, 1e+100, 1e+100, 1e+100, 1e+100, 0, 1e+100, 1e+100, 1e+100, 1e+100, 1e+100, 1e+100, 1e+100, 1e+100, 1e+100, 1e+100, 1e+100, 1e+100, 1e+100, 1e+100, 1e+100, 1e+100, 1e+100, 1e+100, 1e+100, 1e+100, 1e+100]
(  C7  C   -2.205    1.679    0.563) [1e+100, 1e+100, 2, 1, 1e+100, 1e+100, 1e+100, 1e+100, 1e+100, 1e+100, 0, 1, 2, 1e+100, 1e+100, 1e+100, 1e+100, 1e+100, 1e+100, 1e+100, 1e+100, 1e+100, 1e+100, 1e+100, 1e+100, 1e+100, 1e+100, 1e+100, 1e+100, 1e+100, 1e+100]
(  C8  C   -3.351    0.758    0.142) [1e+100, 1e+100, 3, 2, 1e+100, 1e+100, 1e+100, 1e+100, 1e+100, 1e+100, 1, 0, 1, 1e+100, 1e+100, 1e+100, 1e+100, 1e+100, 1e+100, 1e+100, 1e+100, 1e+100, 1e+100, 1e+100, 1e+100, 1e+100, 1e+100, 1e+100, 1e+100, 1e+100, 1e+100]
(  N3  N   -3.069    0.041   -1.151) [1e+100, 1e+100, 4, 3, 1e+100, 1e+100, 1e+100, 1e+100, 1e+100, 1e+100, 2, 1, 0, 1e+100, 1e+100, 1e+100, 1e+100, 1e+100, 1e+100, 1e+100, 1e+100, 1e+100, 1e+100, 1e+100, 1e+100, 1e+100, 1e+100, 1e+100, 1e+100, 1e+100, 1e+100]
(  H1  H    1.581    1.103    1.574) [1e+100, 1e+100, 1e+100, 1e+100, 1e+100, 1e+100, 1e+100, 1e+100, 1e+100, 1e+100, 1e+100, 1e+100, 1e+100, 0, 1e+100, 1e+100, 1e+100, 1e+100, 1e+100, 1e+100, 1e+100, 1e+100, 1e+100, 1e+100, 1e+100, 1e+100, 1e+100, 1e+100, 1e+100, 1e+100, 1e+100]
(  H2  H   -0.048    0.872   -0.811) [1e+100, 1e+100, 1, 2, 1e+100, 1e+100, 1e+100, 1e+100, 1e+100, 1e+100, 3, 4, 5, 1e+100, 0, 1e+100, 1e+100, 1e+100, 1e+100, 1e+100, 1e+100, 1e+100, 1e+100, 1e+100, 1e+100, 1e+100, 1e+100, 1e+100, 1e+100, 1e+100, 1e+100]
(  H3  H   -1.214    0.303    1.923) [1e+100, 1e+100, 2, 1, 1e+100, 1e+100, 1e+100, 1e+100, 1e+100, 1e+100, 2, 3, 4, 1e+100, 1e+100, 0, 1e+100, 1e+100, 1e+100, 1e+100, 1e+100, 1e+100, 1e+100, 1e+100, 1e+100, 1e+100, 1e+100, 1e+100, 1e+100, 1e+100, 1e+100]
(  H4  H   -0.427    1.853    1.701) [1e+100, 1e+100, 2, 1, 1e+100, 1e+100, 1e+100, 1e+100, 1e+100, 1e+100, 2, 3, 4, 1e+100, 1e+100, 1e+100, 0, 1e+100, 1e+100, 1e+100, 1e+100, 1e+100, 1e+100, 1e+100, 1e+100, 1e+100, 1e+100, 1e+100, 1e+100, 1e+100, 1e+100]
(  H5  H    1.678   -1.390    0.867) [1e+100, 1e+100, 1e+100, 1e+100, 1e+100, 1e+100, 1e+100, 1e+100, 1e+100, 1e+100, 1e+100, 1e+100, 1e+100, 1e+100, 1e+100, 1e+100, 1e+100, 0, 1e+100, 1e+100, 1e+100, 1e+100, 1e+100, 1e+100, 1e+100, 1e+100, 1e+100, 1e+100, 1e+100, 1e+100, 1e+100]
(  H6  H   -0.070   -3.627   -0.095) [1e+100, 1e+100, 1e+100, 1e+100, 1e+100, 1e+100, 1e+100, 1e+100, 1e+100, 1e+100, 1e+100, 1e+100, 1e+100, 1e+100, 1e+100, 1e+100, 1e+100, 1e+100, 0, 1e+100, 1e+100, 1e+100, 1e+100, 1e+100, 1e+100, 1e+100, 1e+100, 1e+100, 1e+100, 1e+100, 1e+100]
(  H7  H    1.713   -3.692   -0.114) [1e+100, 1e+100, 1e+100, 1e+100, 1e+100, 1e+100, 1e+100, 1e+100, 1e+100, 1e+100, 1e+100, 1e+100, 1e+100, 1e+100, 1e+100, 1e+100, 1e+100, 1e+100, 1e+100, 0, 1e+100, 1e+100, 1e+100, 1e+100, 1e+100, 1e+100, 1e+100, 1e+100, 1e+100, 1e+100, 1e+100]
(  H8  H    0.836   -3.733    1.438) [1e+100, 1e+100, 1e+100, 1e+100, 1e+100, 1e+100, 1e+100, 1e+100, 1e+100, 1e+100, 1e+100, 1e+100, 1e+100, 1e+100, 1e+100, 1e+100, 1e+100, 1e+100, 1e+100, 1e+100, 0, 1e+100, 1e+100, 1e+100, 1e+100, 1e+100, 1e+100, 1e+100, 1e+100, 1e+100, 1e+100]
(  H9  H    2.000   -0.232   -1.859) [1e+100, 1e+100, 1e+100, 1e+100, 1e+100, 1e+100, 1e+100, 1e+100, 1e+100, 1e+100, 1e+100, 1e+100, 1e+100, 1e+100, 1e+100, 1e+100, 1e+100, 1e+100, 1e+100, 1e+100, 1e+100, 0, 1e+100, 1e+100, 1e+100, 1e+100, 1e+100, 1e+100, 1e+100, 1e+100, 1e+100]
( H10  H    1.741    1.500   -2.144) [1e+100, 1e+100, 1e+100, 1e+100, 1e+100, 1e+100, 1e+100, 1e+100, 1e+100, 1e+100, 1e+100, 1e+100, 1e+100, 1e+100, 1e+100, 1e+100, 1e+100, 1e+100, 1e+100, 1e+100, 1e+100, 1e+100, 0, 1e+100, 1e+100, 1e+100, 1e+100, 1e+100, 1e+100, 1e+100, 1e+100]
( H11  H    3.390    0.851   -2.132) [1e+100, 1e+100, 1e+100, 1e+100, 1e+100, 1e+100, 1e+100, 1e+100, 1e+100, 1e+100, 1e+100, 1e+100, 1e+100, 1e+100, 1e+100, 1e+100, 1e+100, 1e+100, 1e+100, 1e+100, 1e+100, 1e+100, 1e+100, 0, 1e+100, 1e+100, 1e+100, 1e+100, 1e+100, 1e+100, 1e+100]
( H12  H   -2.632    2.334    1.331) [1e+100, 1e+100, 3, 2, 1e+100, 1e+100, 1e+100, 1e+100, 1e+100, 1e+100, 1, 2, 3, 1e+100, 1e+100, 1e+100, 1e+100, 1e+100, 1e+100, 1e+100, 1e+100, 1e+100, 1e+100, 1e+100, 0, 1e+100, 1e+100, 1e+100, 1e+100, 1e+100, 1e+100]
( H13  H   -1.936    2.345   -0.269) [1e+100, 1e+100, 3, 2, 1e+100, 1e+100, 1e+100, 1e+100, 1e+100, 1e+100, 1, 2, 3, 1e+100, 1e+100, 1e+100, 1e+100, 1e+100, 1e+100, 1e+100, 1e+100, 1e+100, 1e+100, 1e+100, 1e+100, 0, 1e+100, 1e+100, 1e+100, 1e+100, 1e+100]
( H14  H   -3.532   -0.021    0.887) [1e+100, 1e+100, 4, 3, 1e+100, 1e+100, 1e+100, 1e+100, 1e+100, 1e+100, 2, 1, 2, 1e+100, 1e+100, 1e+100, 1e+100, 1e+100, 1e+100, 1e+100, 1e+100, 1e+100, 1e+100, 1e+100, 1e+100, 1e+100, 0, 1e+100, 1e+100, 1e+100, 1e+100]
( H15  H   -4.271    1.331    0.008) [1e+100, 1e+100, 4, 3, 1e+100, 1e+100, 1e+100, 1e+100, 1e+100, 1e+100, 2, 1, 2, 1e+100, 1e+100, 1e+100, 1e+100, 1e+100, 1e+100, 1e+100, 1e+100, 1e+100, 1e+100, 1e+100, 1e+100, 1e+100, 1e+100, 0, 1e+100, 1e+100, 1e+100]
( H16  H   -3.860   -0.545   -1.435) [1e+100, 1e+100, 5, 4, 1e+100, 1e+100, 1e+100, 1e+100, 1e+100, 1e+100, 3, 2, 1, 1e+100, 1e+100, 1e+100, 1e+100, 1e+100, 1e+100, 1e+100, 1e+100, 1e+100, 1e+100, 1e+100, 1e+100, 1e+100, 1e+100, 1e+100, 0, 1e+100, 1e+100]
( H17  H   -2.886    0.700   -1.914) [1e+100, 1e+100, 5, 4, 1e+100, 1e+100, 1e+100, 1e+100, 1e+100, 1e+100, 3, 2, 1, 1e+100, 1e+100, 1e+100, 1e+100, 1e+100, 1e+100, 1e+100, 1e+100, 1e+100, 1e+100, 1e+100, 1e+100, 1e+100, 1e+100, 1e+100, 1e+100, 0, 1e+100]
( H18  H   -2.198   -0.613   -0.990) [1e+100, 1e+100, 5, 4, 1e+100, 1e+100, 1e+100, 1e+100, 1e+100, 1e+100, 3, 2, 1, 1e+100, 1e+100, 1e+100, 1e+100, 1e+100, 1e+100, 1e+100, 1e+100, 1e+100, 1e+100, 1e+100, 1e+100, 1e+100, 1e+100, 1e+100, 1e+100, 1e+100, 0]
ALL TO ALL DIST CA INDEX
[1e+100, 1e+100, 0, 1, 1e+100, 1e+100, 1e+100, 1e+100, 1e+100, 1e+100, 2, 3, 4, 1e+100, 1e+100, 1e+100, 1e+100, 1e+100, 1e+100, 1e+100, 1e+100, 1e+100, 1e+100, 1e+100, 1e+100, 1e+100, 1e+100, 1e+100, 1e+100, 1e+100, 1e+100]
[' ', ' ', ' ', 'B', ' ', ' ', ' ', ' ', ' ', ' ', 'G', 'D', 'E']
DEBUG CA_BB:  (  C2  C    0.113    0.443    0.185) :   : C :   :  
(  C2  C    0.113    0.443    0.185) --- (  C1  C   -0.097   -1.074    0.026)
(  C2  C    0.113    0.443    0.185) --- (  H2  H   -0.048    0.872   -0.811)
(  C2  C    0.113    0.443    0.185) --- (  N1  N    1.458    0.770    0.623)
(  C2  C    0.113    0.443    0.185) --- (  C3  C   -0.936    1.046    1.167)
DEBUG:   C  
DEBUG:   H  
DEBUG:   N  
DEBUG:   CB 
True  N    CA   CB   CG 
WARNING: very small d=0.000000 for  N1
Wrote polymer params file C40.params
Wrote kinemage file C40.kin
