core.init: Checking for fconfig files in pwd and ./rosetta/flags 
core.init: Rosetta version: rosetta.binary.linux.release-275 r275 2021.07+release.c48be26 c48be2695c4ba637c6fa19ee5d289fd9a8aa99ef https://www.rosettacommons.org 2021-02-22T05:58:26.229012
core.init: command: /home/zhangf/program/rosetta_bin_linux_2021.07.61567_bundle/main/source/bin/FlexPepDocking.static.linuxgccrelease @refine_flags
basic.random.init_random_generator: 'RNG device' seed mode, using '/dev/urandom', seed=-931809082 seed_offset=0 real_seed=-931809082
basic.random.init_random_generator: RandomGenerator:init: Normal mode, seed=-931809082 RG_type=mt19937
core.init: Resolved executable path: /home/zhangf/program/rosetta_bin_linux_2021.07.61567_bundle/main/source/build/src/release/linux/3.10/64/x86/gcc/4.8/static/FlexPepDocking.static.linuxgccrelease
core.init: Looking for database based on location of executable: /home/zhangf/program/rosetta_bin_linux_2021.07.61567_bundle/main/database/
core.scoring.ScoreFunctionFactory: SCOREFUNCTION: ref2015
core.scoring.etable: Starting energy table calculation
core.scoring.etable: smooth_etable: changing atr/rep split to bottom of energy well
core.scoring.etable: smooth_etable: spline smoothing lj etables (maxdis = 6)
core.scoring.etable: smooth_etable: spline smoothing solvation etables (max_dis = 6)
core.scoring.etable: Finished calculating energy tables.
basic.io.database: Database file opened: scoring/score_functions/hbonds/ref2015_params/HBPoly1D.csv
basic.io.database: Database file opened: scoring/score_functions/hbonds/ref2015_params/HBFadeIntervals.csv
basic.io.database: Database file opened: scoring/score_functions/hbonds/ref2015_params/HBEval.csv
basic.io.database: Database file opened: scoring/score_functions/hbonds/ref2015_params/DonStrength.csv
basic.io.database: Database file opened: scoring/score_functions/hbonds/ref2015_params/AccStrength.csv
core.chemical.GlobalResidueTypeSet: Finished initializing fa_standard residue type set.  Created 985 residue types
core.chemical.GlobalResidueTypeSet: Total time to initialize 1.28 seconds.
basic.io.database: Database file opened: scoring/score_functions/rama/fd/all.ramaProb
basic.io.database: Database file opened: scoring/score_functions/rama/fd/prepro.ramaProb
basic.io.database: Database file opened: scoring/score_functions/omega/omega_ppdep.all.txt
basic.io.database: Database file opened: scoring/score_functions/omega/omega_ppdep.gly.txt
basic.io.database: Database file opened: scoring/score_functions/omega/omega_ppdep.pro.txt
basic.io.database: Database file opened: scoring/score_functions/omega/omega_ppdep.valile.txt
basic.io.database: Database file opened: scoring/score_functions/P_AA_pp/P_AA
basic.io.database: Database file opened: scoring/score_functions/P_AA_pp/P_AA_n
core.scoring.P_AA: shapovalov_lib::shap_p_aa_pp_smooth_level of 1( aka low_smooth ) got activated.
basic.io.database: Database file opened: scoring/score_functions/P_AA_pp/shapovalov/10deg/kappa131/a20.prop
basic.io.database: Database file opened: scoring/score_functions/EnvPairPotential/env_log.txt
basic.io.database: Database file opened: scoring/score_functions/EnvPairPotential/cbeta_den.txt
basic.io.database: Database file opened: scoring/score_functions/EnvPairPotential/pair_log.txt
basic.io.database: Database file opened: scoring/score_functions/EnvPairPotential/cenpack_log.txt
core.scoring.ramachandran: shapovalov_lib::shap_rama_smooth_level of 4( aka highest_smooth ) got activated.
basic.io.database: Database file opened: scoring/score_functions/rama/shapovalov/kappa25/all.ramaProb
core.pack.rotamer_set.UnboundRotamersOperation: Adding 'unbound' rotamers from input/caspase3.pdb
core.io.pose_from_sfr.PoseFromSFRBuilder: [ WARNING ] PDB reader is ignoring atom  CD  in residue 57 A.  Pass flag -ignore_zero_occupancy false to change this behavior
core.conformation.Conformation: [ WARNING ] missing heavyatom:  CD  on residue LYS 29
core.conformation.Conformation: [ WARNING ] missing heavyatom:  CG  on residue LYS 172
core.conformation.Conformation: [ WARNING ] missing heavyatom:  CD  on residue LYS 172
core.conformation.Conformation: [ WARNING ] missing heavyatom:  CE  on residue LYS 172
core.conformation.Conformation: [ WARNING ] missing heavyatom:  NZ  on residue LYS 172
core.conformation.Conformation: [ WARNING ] missing heavyatom:  CG  on residue LYS 186
core.conformation.Conformation: [ WARNING ] missing heavyatom:  CD  on residue LYS 186
core.conformation.Conformation: [ WARNING ] missing heavyatom:  CE  on residue LYS 186
core.conformation.Conformation: [ WARNING ] missing heavyatom:  NZ  on residue LYS 186
core.conformation.Conformation: [ WARNING ] missing heavyatom:  OXT on residue GLN:CtermProteinFull 240
core.scoring.ScoreFunctionFactory: SCOREFUNCTION: ref2015
protocols.jd2.PDBJobInputter: Instantiate PDBJobInputter
protocols.jd2.PDBJobInputter: PDBJobInputter::fill_jobs
protocols.jd2.PDBJobInputter: pushed input/complex_2_ppk.pdb nstruct index 1
protocols.evaluation.ChiWellRmsdEvaluatorCreator: Evaluation Creator active ... 
protocols.jd2.PDBJobInputter: PDBJobInputter::pose_from_job
protocols.jd2.PDBJobInputter: filling pose from PDB input/complex_2_ppk.pdb
core.import_pose.import_pose: File 'input/complex_2_ppk.pdb' automatically determined to be of type PDB
FlexPepDockingProtocol: apply
FlexPepDockingProtocol: [ WARNING ] No native supplied by used - using starting structure as reference for statistics
protocols.flexPepDocking.FlexPepDockingFlags: [ WARNING ] peptide chain is longer than 30 residues
protocols.flexPepDocking.FlexPepDockingFlags: Receptor chain: B
protocols.flexPepDocking.FlexPepDockingFlags: Receptor first res: 1
protocols.flexPepDocking.FlexPepDockingFlags: Receptor nres: 4
protocols.flexPepDocking.FlexPepDockingFlags: Peptide chain: A
protocols.flexPepDocking.FlexPepDockingFlags: Peptide first res: 5
protocols.flexPepDocking.FlexPepDockingFlags: Peptide nres: 240
protocols.flexPepDocking.FlexPepDockingFlags: Peptide anchor: 135
protocols.flexPepDocking.FlexPepDockingFlags: # peptide anchors: 1
protocols.flexPepDocking.FlexPepDockingFlags: # peptide cuts: 0
protocols.flexPepDocking.FlexPepDockingFlags: Receptor anchor: 4
FlexPepDockingProtocol: Old FoldTree : FOLD_TREE  EDGE 1 4 -1  EDGE 1 5 1  EDGE 5 244 -1 
FlexPepDockingProtocol: New FoldTree : FOLD_TREE  EDGE 1 4 -1  EDGE 4 135 1  EDGE 135 5 -1  EDGE 135 244 -1 
core.scoring.ScoreFunctionFactory: SCOREFUNCTION: ref2015
core.chemical.GlobalResidueTypeSet: Finished initializing centroid residue type set.  Created 69 residue types
core.chemical.GlobalResidueTypeSet: Total time to initialize 0.05 seconds.
protocols.TrialMover: Acceptance rate: 0.38
core.optimization.LineMinimizer: [ ERROR ] Inaccurate G! step= 9.53674e-07 Deriv= -19.5174 Finite Diff= 5.88295
core.optimization.LineMinimizer: [ ERROR ] Inaccurate G! step= 4.53007e-07 Deriv= -283.642 Finite Diff= 189.939
core.optimization.Minimizer: Line search failed even after resetting Hessian; aborting at iter#20
protocols.TrialMover: Acceptance rate: 0
core.optimization.LineMinimizer: [ ERROR ] Inaccurate G! step= 9.53674e-07 Deriv= -19.5174 Finite Diff= 5.88233
core.optimization.LineMinimizer: [ ERROR ] Inaccurate G! step= 4.53007e-07 Deriv= -283.642 Finite Diff= 189.938
core.optimization.Minimizer: Line search failed even after resetting Hessian; aborting at iter#20
protocols.TrialMover: Acceptance rate: 0.22
core.optimization.LineMinimizer: [ ERROR ] Inaccurate G! step= 3.8147e-06 Deriv= -308.259 Finite Diff= 311.516
core.optimization.LineMinimizer: [ ERROR ] Inaccurate G! step= 4.34542e-07 Deriv= -308.259 Finite Diff= 311.347
core.optimization.Minimizer: Line search failed even after resetting Hessian; aborting at iter#1
protocols.TrialMover: Acceptance rate: 0
core.optimization.LineMinimizer: [ ERROR ] Inaccurate G! step= 3.8147e-06 Deriv= -308.259 Finite Diff= 311.516
core.optimization.LineMinimizer: [ ERROR ] Inaccurate G! step= 4.34542e-07 Deriv= -308.259 Finite Diff= 311.347
core.optimization.Minimizer: Line search failed even after resetting Hessian; aborting at iter#1
protocols.TrialMover: Acceptance rate: 0.26
core.optimization.LineMinimizer: [ ERROR ] Inaccurate G! step= 3.8147e-06 Deriv= -308.259 Finite Diff= 311.516
core.optimization.LineMinimizer: [ ERROR ] Inaccurate G! step= 4.34542e-07 Deriv= -308.259 Finite Diff= 311.347
core.optimization.Minimizer: Line search failed even after resetting Hessian; aborting at iter#1
protocols.TrialMover: Acceptance rate: 0
core.optimization.LineMinimizer: [ ERROR ] Inaccurate G! step= 3.8147e-06 Deriv= -308.259 Finite Diff= 311.516
core.optimization.LineMinimizer: [ ERROR ] Inaccurate G! step= 4.34542e-07 Deriv= -308.259 Finite Diff= 311.347
core.optimization.Minimizer: Line search failed even after resetting Hessian; aborting at iter#1
protocols.TrialMover: Acceptance rate: 0.02
core.optimization.LineMinimizer: [ ERROR ] Inaccurate G! step= 3.8147e-06 Deriv= -308.259 Finite Diff= 311.516
core.optimization.LineMinimizer: [ ERROR ] Inaccurate G! step= 4.34542e-07 Deriv= -308.259 Finite Diff= 311.347
core.optimization.Minimizer: Line search failed even after resetting Hessian; aborting at iter#1
protocols.TrialMover: Acceptance rate: 0
core.optimization.LineMinimizer: [ ERROR ] Inaccurate G! step= 3.8147e-06 Deriv= -308.259 Finite Diff= 311.516
core.optimization.LineMinimizer: [ ERROR ] Inaccurate G! step= 4.34542e-07 Deriv= -308.259 Finite Diff= 311.347
core.optimization.Minimizer: Line search failed even after resetting Hessian; aborting at iter#1
protocols.TrialMover: Acceptance rate: 0.14
core.optimization.LineMinimizer: [ ERROR ] Inaccurate G! step= 3.8147e-06 Deriv= -283.678 Finite Diff= 221.477
core.optimization.LineMinimizer: [ ERROR ] Inaccurate G! step= 4.52978e-07 Deriv= -283.678 Finite Diff= 221.31
core.optimization.Minimizer: Line search failed even after resetting Hessian; aborting at iter#1
protocols.TrialMover: Acceptance rate: 0
core.optimization.LineMinimizer: [ ERROR ] Inaccurate G! step= 3.8147e-06 Deriv= -283.678 Finite Diff= 221.477
core.optimization.LineMinimizer: [ ERROR ] Inaccurate G! step= 4.52978e-07 Deriv= -283.678 Finite Diff= 221.31
core.optimization.Minimizer: Line search failed even after resetting Hessian; aborting at iter#1
protocols.TrialMover: Acceptance rate: 0.14
core.optimization.LineMinimizer: [ ERROR ] Inaccurate G! step= 3.8147e-06 Deriv= -283.678 Finite Diff= 221.477
core.optimization.LineMinimizer: [ ERROR ] Inaccurate G! step= 4.52978e-07 Deriv= -283.678 Finite Diff= 221.31
core.optimization.Minimizer: Line search failed even after resetting Hessian; aborting at iter#1
protocols.TrialMover: Acceptance rate: 0
core.optimization.LineMinimizer: [ ERROR ] Inaccurate G! step= 3.8147e-06 Deriv= -283.678 Finite Diff= 221.477
core.optimization.LineMinimizer: [ ERROR ] Inaccurate G! step= 4.52978e-07 Deriv= -283.678 Finite Diff= 221.31
core.optimization.Minimizer: Line search failed even after resetting Hessian; aborting at iter#1
protocols.TrialMover: Acceptance rate: 0.16
core.optimization.LineMinimizer: [ ERROR ] Inaccurate G! step= 3.8147e-06 Deriv= -283.618 Finite Diff= 262.202
core.optimization.LineMinimizer: [ ERROR ] Inaccurate G! step= 4.53026e-07 Deriv= -283.618 Finite Diff= 262.035
core.optimization.Minimizer: Line search failed even after resetting Hessian; aborting at iter#1
protocols.TrialMover: Acceptance rate: 0
core.optimization.LineMinimizer: [ ERROR ] Inaccurate G! step= 3.8147e-06 Deriv= -283.618 Finite Diff= 262.202
core.optimization.LineMinimizer: [ ERROR ] Inaccurate G! step= 4.53026e-07 Deriv= -283.618 Finite Diff= 262.035
core.optimization.Minimizer: Line search failed even after resetting Hessian; aborting at iter#1
protocols.TrialMover: Acceptance rate: 0.22
core.optimization.LineMinimizer: [ ERROR ] Inaccurate G! step= 3.8147e-06 Deriv= -293.395 Finite Diff= 250.58
core.optimization.LineMinimizer: [ ERROR ] Inaccurate G! step= 4.45414e-07 Deriv= -293.395 Finite Diff= 250.399
core.optimization.Minimizer: Line search failed even after resetting Hessian; aborting at iter#1
protocols.TrialMover: Acceptance rate: 0
core.optimization.LineMinimizer: [ ERROR ] Inaccurate G! step= 3.8147e-06 Deriv= -293.395 Finite Diff= 250.58
core.optimization.LineMinimizer: [ ERROR ] Inaccurate G! step= 4.45414e-07 Deriv= -293.395 Finite Diff= 250.399
core.optimization.Minimizer: Line search failed even after resetting Hessian; aborting at iter#1
protocols.TrialMover: Acceptance rate: 0.12
core.optimization.LineMinimizer: [ ERROR ] Inaccurate G! step= 3.8147e-06 Deriv= -301.465 Finite Diff= 291.869
core.optimization.LineMinimizer: [ ERROR ] Inaccurate G! step= 4.39412e-07 Deriv= -301.465 Finite Diff= 291.696
core.optimization.Minimizer: Line search failed even after resetting Hessian; aborting at iter#1
protocols.TrialMover: Acceptance rate: 0
core.optimization.LineMinimizer: [ ERROR ] Inaccurate G! step= 3.8147e-06 Deriv= -301.465 Finite Diff= 291.869
core.optimization.LineMinimizer: [ ERROR ] Inaccurate G! step= 4.39412e-07 Deriv= -301.465 Finite Diff= 291.696
core.optimization.Minimizer: Line search failed even after resetting Hessian; aborting at iter#1
protocols.TrialMover: Acceptance rate: 0.1
core.optimization.LineMinimizer: [ ERROR ] Inaccurate G! step= 3.8147e-06 Deriv= -283.639 Finite Diff= 223.248
core.optimization.LineMinimizer: [ ERROR ] Inaccurate G! step= 4.53009e-07 Deriv= -283.639 Finite Diff= 223.081
core.optimization.Minimizer: Line search failed even after resetting Hessian; aborting at iter#1
protocols.TrialMover: Acceptance rate: 0
core.optimization.LineMinimizer: [ ERROR ] Inaccurate G! step= 3.8147e-06 Deriv= -283.639 Finite Diff= 223.248
core.optimization.LineMinimizer: [ ERROR ] Inaccurate G! step= 4.53009e-07 Deriv= -283.639 Finite Diff= 223.081
core.optimization.Minimizer: Line search failed even after resetting Hessian; aborting at iter#1
core.pack.task: Packer task: initialize from command line() 
core.pack.rotamer_set.UnboundRotamersOperation: Adding 'unbound' rotamers from input/caspase3.pdb
core.io.pose_from_sfr.PoseFromSFRBuilder: [ WARNING ] PDB reader is ignoring atom  CD  in residue 57 A.  Pass flag -ignore_zero_occupancy false to change this behavior
core.conformation.Conformation: [ WARNING ] missing heavyatom:  CD  on residue LYS 29
core.conformation.Conformation: [ WARNING ] missing heavyatom:  CG  on residue LYS 172
core.conformation.Conformation: [ WARNING ] missing heavyatom:  CD  on residue LYS 172
core.conformation.Conformation: [ WARNING ] missing heavyatom:  CE  on residue LYS 172
core.conformation.Conformation: [ WARNING ] missing heavyatom:  NZ  on residue LYS 172
core.conformation.Conformation: [ WARNING ] missing heavyatom:  CG  on residue LYS 186
core.conformation.Conformation: [ WARNING ] missing heavyatom:  CD  on residue LYS 186
core.conformation.Conformation: [ WARNING ] missing heavyatom:  CE  on residue LYS 186
core.conformation.Conformation: [ WARNING ] missing heavyatom:  NZ  on residue LYS 186
core.conformation.Conformation: [ WARNING ] missing heavyatom:  OXT on residue GLN:CtermProteinFull 240
basic.io.database: Database file opened: scoring/score_functions/elec_cp_reps.dat
core.scoring.elec.util: Read 40 countpair representative atoms
core.pack.dunbrack.RotamerLibrary: shapovalov_lib_fixes_enable option is true.
core.pack.dunbrack.RotamerLibrary: shapovalov_lib::shap_dun10_smooth_level of 1( aka lowest_smooth ) got activated.
core.pack.dunbrack.RotamerLibrary: Binary rotamer library selected: /home/zhangf/program/rosetta_bin_linux_2021.07.61567_bundle/main/database/rotamer/shapovalov/StpDwn_0-0-0/Dunbrack10.lib.bin
core.pack.dunbrack.RotamerLibrary: Using Dunbrack library binary file '/home/zhangf/program/rosetta_bin_linux_2021.07.61567_bundle/main/database/rotamer/shapovalov/StpDwn_0-0-0/Dunbrack10.lib.bin'.
core.pack.dunbrack.RotamerLibrary: Dunbrack 2010 library took 0.47 seconds to load from binary
protocols.moves.RigidBodyMover: Translate: Jump (before): RT -0.0660834 0.748444 -0.659897 0.215046 -0.635118 -0.741876 -0.974366 -0.190934 -0.118979 -4.67624 -15.9115 10.6939  
protocols.moves.RigidBodyMover: Translate: Jump (after):  RT -0.0660834 0.748444 -0.659897 0.215046 -0.635118 -0.741876 -0.974366 -0.190934 -0.118979 -35.1993 -864.602 538.702  
core.pack.pack_rotamers: built 6789 rotamers at 240 positions.
core.pack.interaction_graph.interaction_graph_factory: Instantiating DensePDInteractionGraph
protocols.moves.RigidBodyMover: Translate: Jump (before): RT -0.0660834 0.748444 -0.659897 0.215046 -0.635118 -0.741876 -0.974366 -0.190934 -0.118979 -35.1993 -864.602 538.702  
protocols.moves.RigidBodyMover: Translate: Jump (after):  RT -0.0660834 0.748444 -0.659897 0.215046 -0.635118 -0.741876 -0.974366 -0.190934 -0.118979 -4.67624 -15.9115 10.6939  
core.pack.task: Packer task: initialize from command line() 
core.pack.pack_rotamers: built 244 rotamers at 14 positions.
core.pack.interaction_graph.interaction_graph_factory: Instantiating DensePDInteractionGraph
core.pack.task: Packer task: initialize from command line() 
core.optimization.Minimizer: [ WARNING ] LBFGS MAX CYCLES 2000 EXCEEDED, BUT FUNC NOT CONVERGED!
core.pack.task: Packer task: initialize from command line() 
core.pack.task: Packer task: initialize from command line() 
core.pack.task: Packer task: initialize from command line() 
core.pack.task: Packer task: initialize from command line() 
core.pack.task: Packer task: initialize from command line() 
core.pack.task: Packer task: initialize from command line() 
core.pack.task: Packer task: initialize from command line() 
core.pack.pack_rotamers: built 2002 rotamers at 26 positions.
core.pack.interaction_graph.interaction_graph_factory: Instantiating DensePDInteractionGraph
core.pack.task: Packer task: initialize from command line() 
core.pack.task: Packer task: initialize from command line() 
core.pack.task: Packer task: initialize from command line() 
core.pack.task: Packer task: initialize from command line() 
core.pack.task: Packer task: initialize from command line() 
core.pack.task: Packer task: initialize from command line() 
core.pack.task: Packer task: initialize from command line() 
core.pack.task: Packer task: initialize from command line() 
core.pack.pack_rotamers: built 1430 rotamers at 27 positions.
core.pack.interaction_graph.interaction_graph_factory: Instantiating DensePDInteractionGraph
core.pack.task: Packer task: initialize from command line() 
core.pack.task: Packer task: initialize from command line() 
core.pack.task: Packer task: initialize from command line() 
core.pack.task: Packer task: initialize from command line() 
core.pack.task: Packer task: initialize from command line() 
core.pack.task: Packer task: initialize from command line() 
core.optimization.LineMinimizer: [ ERROR ] Inaccurate G! step= 7.45058e-09 Deriv= -74.526 Finite Diff= 6.96161e+08
core.optimization.LineMinimizer: [ ERROR ] Inaccurate G! step= 9.43786e-09 Deriv= -61.4448 Finite Diff= 5.39727e+08
core.optimization.LineMinimizer: [ ERROR ] Inaccurate G! step= 3.36516e-07 Deriv= -514.007 Finite Diff= 1.51366e+07
core.optimization.Minimizer: Line search failed even after resetting Hessian; aborting at iter#192
core.pack.task: Packer task: initialize from command line() 
core.pack.task: Packer task: initialize from command line() 
core.pack.pack_rotamers: built 1129 rotamers at 21 positions.
core.pack.interaction_graph.interaction_graph_factory: Instantiating DensePDInteractionGraph
core.pack.task: Packer task: initialize from command line() 
core.pack.task: Packer task: initialize from command line() 
core.pack.task: Packer task: initialize from command line() 
core.pack.task: Packer task: initialize from command line() 
core.pack.task: Packer task: initialize from command line() 
core.pack.task: Packer task: initialize from command line() 
core.pack.task: Packer task: initialize from command line() 
core.pack.task: Packer task: initialize from command line() 
core.pack.pack_rotamers: built 833 rotamers at 20 positions.
core.pack.interaction_graph.interaction_graph_factory: Instantiating DensePDInteractionGraph
core.pack.task: Packer task: initialize from command line() 
core.pack.task: Packer task: initialize from command line() 
core.pack.task: Packer task: initialize from command line() 
core.pack.task: Packer task: initialize from command line() 
core.pack.task: Packer task: initialize from command line() 
core.pack.task: Packer task: initialize from command line() 
core.pack.task: Packer task: initialize from command line() 
core.pack.task: Packer task: initialize from command line() 
core.pack.pack_rotamers: built 856 rotamers at 22 positions.
core.pack.interaction_graph.interaction_graph_factory: Instantiating DensePDInteractionGraph
core.pack.task: Packer task: initialize from command line() 
core.pack.task: Packer task: initialize from command line() 
core.pack.task: Packer task: initialize from command line() 
core.pack.task: Packer task: initialize from command line() 
core.pack.task: Packer task: initialize from command line() 
core.pack.task: Packer task: initialize from command line() 
core.pack.task: Packer task: initialize from command line() 
core.pack.task: Packer task: initialize from command line() 
core.pack.pack_rotamers: built 571 rotamers at 19 positions.
core.pack.interaction_graph.interaction_graph_factory: Instantiating DensePDInteractionGraph
core.pack.task: Packer task: initialize from command line() 
core.pack.task: Packer task: initialize from command line() 
core.pack.task: Packer task: initialize from command line() 
core.pack.task: Packer task: initialize from command line() 
core.pack.task: Packer task: initialize from command line() 
core.pack.task: Packer task: initialize from command line() 
core.pack.task: Packer task: initialize from command line() 
core.pack.task: Packer task: initialize from command line() 
core.pack.pack_rotamers: built 612 rotamers at 17 positions.
core.pack.interaction_graph.interaction_graph_factory: Instantiating DensePDInteractionGraph
core.pack.task: Packer task: initialize from command line() 
core.pack.task: Packer task: initialize from command line() 
core.pack.task: Packer task: initialize from command line() 
core.pack.task: Packer task: initialize from command line() 
core.pack.task: Packer task: initialize from command line() 
core.pack.task: Packer task: initialize from command line() 
core.pack.task: Packer task: initialize from command line() 
core.pack.task: Packer task: initialize from command line() 
core.pack.pack_rotamers: built 942 rotamers at 28 positions.
core.pack.interaction_graph.interaction_graph_factory: Instantiating DensePDInteractionGraph
core.pack.task: Packer task: initialize from command line() 
core.pack.task: Packer task: initialize from command line() 
core.pack.task: Packer task: initialize from command line() 
core.pack.task: Packer task: initialize from command line() 
core.pack.task: Packer task: initialize from command line() 
core.pack.task: Packer task: initialize from command line() 
core.pack.task: Packer task: initialize from command line() 
core.pack.task: Packer task: initialize from command line() 
core.pack.pack_rotamers: built 694 rotamers at 17 positions.
core.pack.interaction_graph.interaction_graph_factory: Instantiating DensePDInteractionGraph
core.pack.task: Packer task: initialize from command line() 
core.pack.task: Packer task: initialize from command line() 
core.pack.task: Packer task: initialize from command line() 
core.pack.task: Packer task: initialize from command line() 
core.pack.task: Packer task: initialize from command line() 
core.pack.task: Packer task: initialize from command line() 
core.pack.task: Packer task: initialize from command line() 
core.pack.task: Packer task: initialize from command line() 
core.pack.pack_rotamers: built 504 rotamers at 18 positions.
core.pack.interaction_graph.interaction_graph_factory: Instantiating DensePDInteractionGraph
core.pack.task: Packer task: initialize from command line() 
core.pack.task: Packer task: initialize from command line() 
core.pack.task: Packer task: initialize from command line() 
core.pack.task: Packer task: initialize from command line() 
core.pack.task: Packer task: initialize from command line() 
core.pack.task: Packer task: initialize from command line() 
core.pack.task: Packer task: initialize from command line() 
core.pack.task: Packer task: initialize from command line() 
core.pack.pack_rotamers: built 818 rotamers at 21 positions.
core.pack.interaction_graph.interaction_graph_factory: Instantiating DensePDInteractionGraph
core.pack.task: Packer task: initialize from command line() 
core.pack.task: Packer task: initialize from command line() 
core.pack.task: Packer task: initialize from command line() 
core.pack.task: Packer task: initialize from command line() 
core.pack.task: Packer task: initialize from command line() 
core.pack.task: Packer task: initialize from command line() 
core.pack.task: Packer task: initialize from command line() 
core.pack.task: Packer task: initialize from command line() 
core.pack.pack_rotamers: built 827 rotamers at 24 positions.
core.pack.interaction_graph.interaction_graph_factory: Instantiating DensePDInteractionGraph
core.pack.task: Packer task: initialize from command line() 
core.pack.task: Packer task: initialize from command line() 
core.pack.task: Packer task: initialize from command line() 
core.pack.task: Packer task: initialize from command line() 
core.pack.task: Packer task: initialize from command line() 
core.pack.task: Packer task: initialize from command line() 
core.pack.task: Packer task: initialize from command line() 
core.pack.task: Packer task: initialize from command line() 
core.pack.pack_rotamers: built 386 rotamers at 16 positions.
core.pack.interaction_graph.interaction_graph_factory: Instantiating DensePDInteractionGraph
core.pack.task: Packer task: initialize from command line() 
core.pack.task: Packer task: initialize from command line() 
core.pack.task: Packer task: initialize from command line() 
core.pack.task: Packer task: initialize from command line() 
core.pack.task: Packer task: initialize from command line() 
core.pack.task: Packer task: initialize from command line() 
core.pack.task: Packer task: initialize from command line() 
core.pack.task: Packer task: initialize from command line() 
core.pack.pack_rotamers: built 429 rotamers at 15 positions.
core.pack.interaction_graph.interaction_graph_factory: Instantiating DensePDInteractionGraph
core.pack.task: Packer task: initialize from command line() 
core.pack.task: Packer task: initialize from command line() 
core.pack.task: Packer task: initialize from command line() 
core.pack.task: Packer task: initialize from command line() 
core.pack.task: Packer task: initialize from command line() 
core.pack.task: Packer task: initialize from command line() 
core.pack.task: Packer task: initialize from command line() 
core.pack.task: Packer task: initialize from command line() 
core.pack.pack_rotamers: built 749 rotamers at 19 positions.
core.pack.interaction_graph.interaction_graph_factory: Instantiating DensePDInteractionGraph
core.pack.task: Packer task: initialize from command line() 
core.pack.task: Packer task: initialize from command line() 
core.pack.task: Packer task: initialize from command line() 
core.pack.task: Packer task: initialize from command line() 
core.pack.task: Packer task: initialize from command line() 
core.pack.task: Packer task: initialize from command line() 
core.pack.task: Packer task: initialize from command line() 
core.pack.task: Packer task: initialize from command line() 
core.pack.pack_rotamers: built 276 rotamers at 15 positions.
core.pack.interaction_graph.interaction_graph_factory: Instantiating DensePDInteractionGraph
core.pack.task: Packer task: initialize from command line() 
core.pack.task: Packer task: initialize from command line() 
core.pack.task: Packer task: initialize from command line() 
core.pack.task: Packer task: initialize from command line() 
core.pack.task: Packer task: initialize from command line() 
core.pack.task: Packer task: initialize from command line() 
core.pack.task: Packer task: initialize from command line() 
core.pack.task: Packer task: initialize from command line() 
core.pack.pack_rotamers: built 611 rotamers at 19 positions.
core.pack.interaction_graph.interaction_graph_factory: Instantiating DensePDInteractionGraph
core.pack.task: Packer task: initialize from command line() 
core.pack.task: Packer task: initialize from command line() 
core.pack.task: Packer task: initialize from command line() 
core.pack.task: Packer task: initialize from command line() 
core.pack.task: Packer task: initialize from command line() 
core.pack.task: Packer task: initialize from command line() 
core.pack.task: Packer task: initialize from command line() 
core.pack.task: Packer task: initialize from command line() 
core.pack.pack_rotamers: built 373 rotamers at 22 positions.
core.pack.interaction_graph.interaction_graph_factory: Instantiating DensePDInteractionGraph
core.pack.task: Packer task: initialize from command line() 
core.pack.task: Packer task: initialize from command line() 
core.pack.task: Packer task: initialize from command line() 
core.pack.task: Packer task: initialize from command line() 
core.pack.task: Packer task: initialize from command line() 
core.pack.task: Packer task: initialize from command line() 
core.pack.task: Packer task: initialize from command line() 
core.pack.task: Packer task: initialize from command line() 
core.pack.pack_rotamers: built 429 rotamers at 20 positions.
core.pack.interaction_graph.interaction_graph_factory: Instantiating DensePDInteractionGraph
core.pack.task: Packer task: initialize from command line() 
core.pack.task: Packer task: initialize from command line() 
core.pack.task: Packer task: initialize from command line() 
core.pack.task: Packer task: initialize from command line() 
core.pack.task: Packer task: initialize from command line() 
core.pack.task: Packer task: initialize from command line() 
core.pack.task: Packer task: initialize from command line() 
core.pack.task: Packer task: initialize from command line() 
core.pack.pack_rotamers: built 268 rotamers at 17 positions.
core.pack.interaction_graph.interaction_graph_factory: Instantiating DensePDInteractionGraph
protocols.moves.RigidBodyMover: Translate: Jump (before): RT -0.0269426 0.782643 -0.621887 0.435652 -0.550733 -0.71197 -0.899712 -0.290109 -0.326122 -4.82714 -17.0287 7.25242  
protocols.moves.RigidBodyMover: Translate: Jump (after):  RT -0.0269426 0.782643 -0.621887 0.435652 -0.550733 -0.71197 -0.899712 -0.290109 -0.326122 -44.5786 -948.109 369.894  
FlexPepDockingPoseMetrics: Isc: -7.84839
FlexPepDockingPoseMetrics: Total BSA  is: 614.147
basic.io.database: Database file opened: scoring/score_functions/hbonds/sp2_elec_params/HBPoly1D.csv
basic.io.database: Database file opened: scoring/score_functions/hbonds/sp2_elec_params/HBFadeIntervals.csv
basic.io.database: Database file opened: scoring/score_functions/hbonds/sp2_elec_params/HBEval.csv
FlexPepDockingPoseMetrics: Interface HB #: 1
FlexPepDockingPoseMetrics: Total packstats: -0.00832558
FlexPepDockingPoseMetrics: Interface Unsat polar groups: 12
FlexPepDockingPoseMetrics: 5 bsa: 0 HB: 0 pack: 0.131785 unsat: 0
FlexPepDockingPoseMetrics: 6 bsa: 0 HB: 0 pack: 0.39588 unsat: 0
FlexPepDockingPoseMetrics: 7 bsa: 0 HB: 0 pack: 0.675321 unsat: 0
FlexPepDockingPoseMetrics: 8 bsa: 0 HB: 0 pack: 0.46171 unsat: 0
FlexPepDockingPoseMetrics: 9 bsa: 0 HB: 0 pack: 0.425545 unsat: 0
FlexPepDockingPoseMetrics: 10 bsa: 0 HB: 0 pack: 0.421938 unsat: 0
FlexPepDockingPoseMetrics: 11 bsa: 0 HB: 0 pack: 0.781932 unsat: 0
FlexPepDockingPoseMetrics: 12 bsa: 0 HB: 0 pack: 0.878388 unsat: 0
FlexPepDockingPoseMetrics: 13 bsa: 0 HB: 0 pack: 0.908071 unsat: 0
FlexPepDockingPoseMetrics: 14 bsa: 0 HB: 0 pack: 0.678686 unsat: 0
FlexPepDockingPoseMetrics: 15 bsa: 0 HB: 0 pack: 0.798859 unsat: 0
FlexPepDockingPoseMetrics: 16 bsa: 0 HB: 0 pack: 0.780672 unsat: 0
FlexPepDockingPoseMetrics: 17 bsa: 0 HB: 0 pack: 0.945327 unsat: 0
FlexPepDockingPoseMetrics: 18 bsa: 0 HB: 0 pack: 0.528878 unsat: 0
FlexPepDockingPoseMetrics: 19 bsa: 0 HB: 0 pack: 0.550879 unsat: 0
FlexPepDockingPoseMetrics: 20 bsa: 0 HB: 0 pack: 0.845962 unsat: 0
FlexPepDockingPoseMetrics: 21 bsa: 0 HB: 0 pack: 0.36089 unsat: 0
FlexPepDockingPoseMetrics: 22 bsa: 0 HB: 0 pack: 0.735215 unsat: 0
FlexPepDockingPoseMetrics: 23 bsa: 0 HB: 0 pack: 0.649056 unsat: 0
FlexPepDockingPoseMetrics: 24 bsa: 0 HB: 0 pack: 0.672783 unsat: 0
FlexPepDockingPoseMetrics: 25 bsa: 0 HB: 0 pack: 0.581463 unsat: 0
FlexPepDockingPoseMetrics: 26 bsa: 0 HB: 0 pack: 0.893379 unsat: 0
FlexPepDockingPoseMetrics: 27 bsa: 0 HB: 0 pack: 0.820995 unsat: 0
FlexPepDockingPoseMetrics: 28 bsa: 0 HB: 0 pack: 0.806698 unsat: 0
FlexPepDockingPoseMetrics: 29 bsa: 0 HB: 0 pack: 0.579489 unsat: 0
FlexPepDockingPoseMetrics: 30 bsa: 0 HB: 0 pack: 0.340131 unsat: 0
FlexPepDockingPoseMetrics: 31 bsa: 0 HB: 0 pack: 0.75713 unsat: 0
FlexPepDockingPoseMetrics: 32 bsa: 0 HB: 0 pack: 0.678358 unsat: 0
FlexPepDockingPoseMetrics: 33 bsa: 0 HB: 0 pack: 0.254533 unsat: 0
FlexPepDockingPoseMetrics: 34 bsa: 0 HB: 0 pack: 0.864915 unsat: 0
FlexPepDockingPoseMetrics: 35 bsa: 0 HB: 0 pack: 0.885511 unsat: 0
FlexPepDockingPoseMetrics: 36 bsa: 0 HB: 0 pack: 0.585593 unsat: 0
FlexPepDockingPoseMetrics: 37 bsa: 0 HB: 0 pack: 0.959124 unsat: 0
FlexPepDockingPoseMetrics: 38 bsa: 35.2314 HB: 0 pack: 0.899032 unsat: 0
FlexPepDockingPoseMetrics: 39 bsa: 9.12225 HB: 0 pack: 0.61127 unsat: 0
FlexPepDockingPoseMetrics: 40 bsa: 37.0521 HB: 0 pack: 0.716823 unsat: 2
FlexPepDockingPoseMetrics: 41 bsa: 41.3466 HB: 1 pack: 0.544812 unsat: 1
FlexPepDockingPoseMetrics: 42 bsa: 0 HB: 0 pack: 0.560794 unsat: 0
FlexPepDockingPoseMetrics: 43 bsa: 0 HB: 0 pack: 0.887253 unsat: 0
FlexPepDockingPoseMetrics: 44 bsa: 0 HB: 0 pack: 0.241632 unsat: 0
FlexPepDockingPoseMetrics: 45 bsa: 0 HB: 0 pack: 0.500626 unsat: 0
FlexPepDockingPoseMetrics: 46 bsa: 0 HB: 0 pack: 0.712213 unsat: 0
FlexPepDockingPoseMetrics: 47 bsa: 0 HB: 0 pack: 0.637826 unsat: 0
FlexPepDockingPoseMetrics: 48 bsa: 0 HB: 0 pack: 0.537029 unsat: 0
FlexPepDockingPoseMetrics: 49 bsa: 0 HB: 0 pack: 0.633714 unsat: 0
FlexPepDockingPoseMetrics: 50 bsa: 0 HB: 0 pack: 0.851864 unsat: 0
FlexPepDockingPoseMetrics: 51 bsa: 0 HB: 0 pack: 0.424936 unsat: 0
FlexPepDockingPoseMetrics: 52 bsa: 0 HB: 0 pack: 0.766624 unsat: 0
FlexPepDockingPoseMetrics: 53 bsa: 0 HB: 0 pack: 0.627217 unsat: 0
FlexPepDockingPoseMetrics: 54 bsa: 0 HB: 0 pack: 0.963181 unsat: 0
FlexPepDockingPoseMetrics: 55 bsa: 0 HB: 0 pack: 0.554566 unsat: 0
FlexPepDockingPoseMetrics: 56 bsa: 0 HB: 0 pack: 0.677216 unsat: 0
FlexPepDockingPoseMetrics: 57 bsa: 0 HB: 0 pack: 0.766889 unsat: 0
FlexPepDockingPoseMetrics: 58 bsa: 0 HB: 0 pack: 0.526645 unsat: 0
FlexPepDockingPoseMetrics: 59 bsa: 0 HB: 0 pack: 0.956259 unsat: 0
FlexPepDockingPoseMetrics: 60 bsa: 0 HB: 0 pack: 0.706629 unsat: 0
FlexPepDockingPoseMetrics: 61 bsa: 0 HB: 0 pack: 0.648118 unsat: 0
FlexPepDockingPoseMetrics: 62 bsa: 0 HB: 0 pack: 0.615613 unsat: 0
FlexPepDockingPoseMetrics: 63 bsa: 0 HB: 0 pack: 0.704235 unsat: 0
FlexPepDockingPoseMetrics: 64 bsa: 0 HB: 0 pack: 0.488473 unsat: 0
FlexPepDockingPoseMetrics: 65 bsa: 0 HB: 0 pack: 0.607885 unsat: 0
FlexPepDockingPoseMetrics: 66 bsa: 0 HB: 0 pack: 0.763755 unsat: 0
FlexPepDockingPoseMetrics: 67 bsa: 0 HB: 0 pack: 0.597861 unsat: 0
FlexPepDockingPoseMetrics: 68 bsa: 0 HB: 0 pack: 0.798783 unsat: 0
FlexPepDockingPoseMetrics: 69 bsa: 0 HB: 0 pack: 0.780149 unsat: 0
FlexPepDockingPoseMetrics: 70 bsa: 0 HB: 0 pack: 0.417291 unsat: 0
FlexPepDockingPoseMetrics: 71 bsa: 0 HB: 0 pack: 0.86687 unsat: 0
FlexPepDockingPoseMetrics: 72 bsa: 0 HB: 0 pack: 0.615093 unsat: 0
FlexPepDockingPoseMetrics: 73 bsa: 0 HB: 0 pack: 0.625628 unsat: 0
FlexPepDockingPoseMetrics: 74 bsa: 0 HB: 0 pack: 0.493983 unsat: 0
FlexPepDockingPoseMetrics: 75 bsa: 0 HB: 0 pack: 0.774069 unsat: 0
FlexPepDockingPoseMetrics: 76 bsa: 0 HB: 0 pack: 0.449003 unsat: 0
FlexPepDockingPoseMetrics: 77 bsa: 0 HB: 0 pack: 0.786779 unsat: 0
FlexPepDockingPoseMetrics: 78 bsa: 0 HB: 0 pack: 0.725999 unsat: 0
FlexPepDockingPoseMetrics: 79 bsa: 0 HB: 0 pack: 0.251615 unsat: 0
FlexPepDockingPoseMetrics: 80 bsa: 0 HB: 0 pack: 0.866465 unsat: 0
FlexPepDockingPoseMetrics: 81 bsa: 0 HB: 0 pack: 0.589439 unsat: 0
FlexPepDockingPoseMetrics: 82 bsa: 0 HB: 0 pack: 0.547004 unsat: 0
FlexPepDockingPoseMetrics: 83 bsa: 0 HB: 0 pack: 0.333648 unsat: 0
FlexPepDockingPoseMetrics: 84 bsa: 0 HB: 0 pack: 0.434669 unsat: 0
FlexPepDockingPoseMetrics: 85 bsa: 0 HB: 0 pack: 0.216971 unsat: 0
FlexPepDockingPoseMetrics: 86 bsa: 0 HB: 0 pack: 0.698051 unsat: 0
FlexPepDockingPoseMetrics: 87 bsa: 0 HB: 0 pack: 0.538772 unsat: 0
FlexPepDockingPoseMetrics: 88 bsa: 0 HB: 0 pack: 0.969626 unsat: 0
FlexPepDockingPoseMetrics: 89 bsa: 0 HB: 0 pack: 0.881664 unsat: 0
FlexPepDockingPoseMetrics: 90 bsa: 0 HB: 0 pack: 0.644073 unsat: 0
FlexPepDockingPoseMetrics: 91 bsa: 0 HB: 0 pack: 0.970922 unsat: 0
FlexPepDockingPoseMetrics: 92 bsa: 0 HB: 0 pack: 0.89366 unsat: 0
FlexPepDockingPoseMetrics: 93 bsa: 0 HB: 0 pack: 0.509505 unsat: 0
FlexPepDockingPoseMetrics: 94 bsa: 0 HB: 0 pack: 0.46308 unsat: 0
FlexPepDockingPoseMetrics: 95 bsa: 0 HB: 0 pack: 0.764308 unsat: 0
FlexPepDockingPoseMetrics: 96 bsa: 0 HB: 0 pack: 0.37779 unsat: 0
FlexPepDockingPoseMetrics: 97 bsa: 17.0458 HB: 0 pack: 0.659887 unsat: 0
FlexPepDockingPoseMetrics: 98 bsa: 0 HB: 0 pack: 0.37636 unsat: 0
FlexPepDockingPoseMetrics: 99 bsa: 0 HB: 0 pack: 0.526725 unsat: 0
FlexPepDockingPoseMetrics: 100 bsa: 0 HB: 0 pack: 0.68868 unsat: 0
FlexPepDockingPoseMetrics: 101 bsa: 0 HB: 0 pack: 0.503021 unsat: 0
FlexPepDockingPoseMetrics: 102 bsa: 0 HB: 0 pack: 0.529865 unsat: 0
FlexPepDockingPoseMetrics: 103 bsa: 0 HB: 0 pack: 0.741704 unsat: 0
FlexPepDockingPoseMetrics: 104 bsa: 0 HB: 0 pack: 0.940089 unsat: 0
FlexPepDockingPoseMetrics: 105 bsa: 0 HB: 0 pack: 0.579126 unsat: 0
FlexPepDockingPoseMetrics: 106 bsa: 0 HB: 0 pack: 0.711382 unsat: 0
FlexPepDockingPoseMetrics: 107 bsa: 0 HB: 0 pack: 0.836793 unsat: 0
FlexPepDockingPoseMetrics: 108 bsa: 0 HB: 0 pack: 0.813961 unsat: 0
FlexPepDockingPoseMetrics: 109 bsa: 0 HB: 0 pack: 0.708418 unsat: 0
FlexPepDockingPoseMetrics: 110 bsa: 0 HB: 0 pack: 0.738118 unsat: 0
FlexPepDockingPoseMetrics: 111 bsa: 0 HB: 0 pack: 0.749313 unsat: 0
FlexPepDockingPoseMetrics: 112 bsa: 0 HB: 0 pack: 0.865592 unsat: 0
FlexPepDockingPoseMetrics: 113 bsa: 0 HB: 0 pack: 0.24398 unsat: 0
FlexPepDockingPoseMetrics: 114 bsa: 0 HB: 0 pack: 0.53557 unsat: 0
FlexPepDockingPoseMetrics: 115 bsa: 0 HB: 0 pack: 0.816191 unsat: 0
FlexPepDockingPoseMetrics: 116 bsa: 0 HB: 0 pack: 0.897477 unsat: 0
FlexPepDockingPoseMetrics: 117 bsa: 0 HB: 0 pack: 0.904389 unsat: 0
FlexPepDockingPoseMetrics: 118 bsa: 0 HB: 0 pack: 0.844782 unsat: 0
FlexPepDockingPoseMetrics: 119 bsa: 0 HB: 0 pack: 0.841118 unsat: 0
FlexPepDockingPoseMetrics: 120 bsa: 0 HB: 0 pack: 0.792828 unsat: 0
FlexPepDockingPoseMetrics: 121 bsa: 0 HB: 0 pack: 0.948398 unsat: 0
FlexPepDockingPoseMetrics: 122 bsa: 0 HB: 0 pack: 0.963403 unsat: 0
FlexPepDockingPoseMetrics: 123 bsa: 0 HB: 0 pack: 0.815893 unsat: 0
FlexPepDockingPoseMetrics: 124 bsa: 0 HB: 0 pack: 0.811165 unsat: 0
FlexPepDockingPoseMetrics: 125 bsa: 0 HB: 0 pack: 0.70926 unsat: 0
FlexPepDockingPoseMetrics: 126 bsa: 0 HB: 0 pack: 0.717142 unsat: 0
FlexPepDockingPoseMetrics: 127 bsa: 0 HB: 0 pack: 0.90576 unsat: 0
FlexPepDockingPoseMetrics: 128 bsa: 0 HB: 0 pack: 0.788715 unsat: 0
FlexPepDockingPoseMetrics: 129 bsa: 0 HB: 0 pack: 0.634365 unsat: 0
FlexPepDockingPoseMetrics: 130 bsa: 0 HB: 0 pack: 0.529866 unsat: 0
FlexPepDockingPoseMetrics: 131 bsa: 0 HB: 0 pack: 0.891651 unsat: 0
FlexPepDockingPoseMetrics: 132 bsa: 0 HB: 0 pack: 0.947218 unsat: 0
FlexPepDockingPoseMetrics: 133 bsa: 0 HB: 0 pack: 0.642355 unsat: 0
FlexPepDockingPoseMetrics: 134 bsa: 0 HB: 0 pack: 0.851799 unsat: 0
FlexPepDockingPoseMetrics: 135 bsa: 0 HB: 0 pack: 0.476745 unsat: 0
FlexPepDockingPoseMetrics: 136 bsa: 0 HB: 0 pack: 0.680912 unsat: 0
FlexPepDockingPoseMetrics: 137 bsa: 0 HB: 0 pack: 0.683717 unsat: 0
FlexPepDockingPoseMetrics: 138 bsa: 0 HB: 0 pack: 0.384274 unsat: 0
FlexPepDockingPoseMetrics: 139 bsa: 17.9218 HB: 0 pack: 0.587837 unsat: 0
FlexPepDockingPoseMetrics: 140 bsa: 0 HB: 0 pack: 0.590425 unsat: 0
FlexPepDockingPoseMetrics: 141 bsa: 0 HB: 0 pack: 0.56215 unsat: 0
FlexPepDockingPoseMetrics: 142 bsa: 0 HB: 0 pack: 0.470927 unsat: 0
FlexPepDockingPoseMetrics: 143 bsa: 0 HB: 0 pack: 0.816219 unsat: 0
FlexPepDockingPoseMetrics: 144 bsa: 0 HB: 0 pack: 0.541044 unsat: 0
FlexPepDockingPoseMetrics: 145 bsa: 0 HB: 0 pack: 0.784144 unsat: 0
FlexPepDockingPoseMetrics: 146 bsa: 0 HB: 0 pack: 0.370764 unsat: 0
FlexPepDockingPoseMetrics: 147 bsa: 0 HB: 0 pack: 0.468695 unsat: 0
FlexPepDockingPoseMetrics: 148 bsa: 0 HB: 0 pack: 0.304264 unsat: 0
FlexPepDockingPoseMetrics: 149 bsa: 0 HB: 0 pack: 0.440065 unsat: 0
FlexPepDockingPoseMetrics: 150 bsa: 0 HB: 0 pack: 0.419354 unsat: 0
FlexPepDockingPoseMetrics: 151 bsa: 0 HB: 0 pack: 0.380161 unsat: 0
FlexPepDockingPoseMetrics: 152 bsa: 0 HB: 0 pack: 0.240283 unsat: 0
FlexPepDockingPoseMetrics: 153 bsa: 0 HB: 0 pack: 0.890817 unsat: 0
FlexPepDockingPoseMetrics: 154 bsa: 0 HB: 0 pack: 0.83505 unsat: 0
FlexPepDockingPoseMetrics: 155 bsa: 0 HB: 0 pack: 0.812757 unsat: 0
FlexPepDockingPoseMetrics: 156 bsa: 0 HB: 0 pack: 0.812996 unsat: 0
FlexPepDockingPoseMetrics: 157 bsa: 0 HB: 0 pack: 0.824901 unsat: 0
FlexPepDockingPoseMetrics: 158 bsa: 0 HB: 0 pack: 0.920264 unsat: 0
FlexPepDockingPoseMetrics: 159 bsa: 0 HB: 0 pack: 0.894786 unsat: 0
FlexPepDockingPoseMetrics: 160 bsa: 0 HB: 0 pack: 0.600624 unsat: 0
FlexPepDockingPoseMetrics: 161 bsa: 0 HB: 0 pack: 0.496652 unsat: 0
FlexPepDockingPoseMetrics: 162 bsa: 0 HB: 0 pack: 0.414168 unsat: 0
FlexPepDockingPoseMetrics: 163 bsa: 0 HB: 0 pack: 0.713075 unsat: 0
FlexPepDockingPoseMetrics: 164 bsa: 0 HB: 0 pack: 0.851527 unsat: 0
FlexPepDockingPoseMetrics: 165 bsa: 0 HB: 0 pack: 0.934126 unsat: 0
FlexPepDockingPoseMetrics: 166 bsa: 0 HB: 0 pack: 0.832805 unsat: 0
FlexPepDockingPoseMetrics: 167 bsa: 0 HB: 0 pack: 0.224537 unsat: 0
FlexPepDockingPoseMetrics: 168 bsa: 0 HB: 0 pack: 0.646375 unsat: 0
FlexPepDockingPoseMetrics: 169 bsa: 0 HB: 0 pack: 0.635017 unsat: 0
FlexPepDockingPoseMetrics: 170 bsa: 40.3126 HB: 0 pack: 0.897733 unsat: 0
FlexPepDockingPoseMetrics: 171 bsa: 5.47335 HB: 0 pack: 0.764652 unsat: 1
FlexPepDockingPoseMetrics: 172 bsa: 37.6923 HB: 0 pack: 0.85707 unsat: 0
FlexPepDockingPoseMetrics: 173 bsa: 18.9739 HB: 0 pack: 0.904017 unsat: 1
FlexPepDockingPoseMetrics: 174 bsa: 0 HB: 0 pack: 0.57608 unsat: 0
FlexPepDockingPoseMetrics: 175 bsa: 37.8464 HB: 0 pack: 0.548577 unsat: 0
FlexPepDockingPoseMetrics: 176 bsa: 6.45188 HB: 0 pack: 0.19978 unsat: 0
FlexPepDockingPoseMetrics: 177 bsa: 0 HB: 0 pack: 0.535036 unsat: 0
FlexPepDockingPoseMetrics: 178 bsa: 0 HB: 0 pack: 0.74949 unsat: 0
FlexPepDockingPoseMetrics: 179 bsa: 0 HB: 0 pack: 0.61988 unsat: 0
FlexPepDockingPoseMetrics: 180 bsa: 0 HB: 0 pack: 0.744112 unsat: 0
FlexPepDockingPoseMetrics: 181 bsa: 0 HB: 0 pack: 0.781573 unsat: 0
FlexPepDockingPoseMetrics: 182 bsa: 0 HB: 0 pack: 0.600153 unsat: 0
FlexPepDockingPoseMetrics: 183 bsa: 0 HB: 0 pack: 0.304238 unsat: 0
FlexPepDockingPoseMetrics: 184 bsa: 0 HB: 0 pack: 0.637442 unsat: 0
FlexPepDockingPoseMetrics: 185 bsa: 0 HB: 0 pack: 0.690065 unsat: 0
FlexPepDockingPoseMetrics: 186 bsa: 0 HB: 0 pack: 0.510928 unsat: 0
FlexPepDockingPoseMetrics: 187 bsa: 0 HB: 0 pack: 0.588902 unsat: 0
FlexPepDockingPoseMetrics: 188 bsa: 0 HB: 0 pack: 0.802652 unsat: 0
FlexPepDockingPoseMetrics: 189 bsa: 0 HB: 0 pack: 0.726654 unsat: 0
FlexPepDockingPoseMetrics: 190 bsa: 0 HB: 0 pack: 0.606126 unsat: 0
FlexPepDockingPoseMetrics: 191 bsa: 0 HB: 0 pack: 0.597308 unsat: 0
FlexPepDockingPoseMetrics: 192 bsa: 0 HB: 0 pack: 0.723013 unsat: 0
FlexPepDockingPoseMetrics: 193 bsa: 0 HB: 0 pack: 0.658964 unsat: 0
FlexPepDockingPoseMetrics: 194 bsa: 0 HB: 0 pack: 0.676492 unsat: 0
FlexPepDockingPoseMetrics: 195 bsa: 0 HB: 0 pack: 0.583323 unsat: 0
FlexPepDockingPoseMetrics: 196 bsa: 0 HB: 0 pack: 0.672926 unsat: 0
FlexPepDockingPoseMetrics: 197 bsa: 0 HB: 0 pack: 0.632726 unsat: 0
FlexPepDockingPoseMetrics: 198 bsa: 0 HB: 0 pack: 0.758143 unsat: 0
FlexPepDockingPoseMetrics: 199 bsa: 0 HB: 0 pack: 0.549494 unsat: 0
FlexPepDockingPoseMetrics: 200 bsa: 0 HB: 0 pack: 0.53676 unsat: 0
FlexPepDockingPoseMetrics: 201 bsa: 0 HB: 0 pack: 0.715578 unsat: 0
FlexPepDockingPoseMetrics: 202 bsa: 0 HB: 0 pack: 0.525292 unsat: 0
FlexPepDockingPoseMetrics: 203 bsa: 0 HB: 0 pack: 0.697955 unsat: 0
FlexPepDockingPoseMetrics: 204 bsa: 0 HB: 0 pack: 0.553433 unsat: 0
FlexPepDockingPoseMetrics: 205 bsa: 0 HB: 0 pack: 0.629577 unsat: 0
FlexPepDockingPoseMetrics: 206 bsa: 0 HB: 0 pack: 0.557328 unsat: 0
FlexPepDockingPoseMetrics: 207 bsa: 0 HB: 0 pack: 0.508294 unsat: 0
FlexPepDockingPoseMetrics: 208 bsa: 0 HB: 0 pack: 0.563165 unsat: 0
FlexPepDockingPoseMetrics: 209 bsa: 0 HB: 0 pack: 0.461615 unsat: 0
FlexPepDockingPoseMetrics: 210 bsa: 0 HB: 0 pack: 0.31373 unsat: 0
FlexPepDockingPoseMetrics: 211 bsa: 0 HB: 0 pack: 0.270021 unsat: 0
FlexPepDockingPoseMetrics: 212 bsa: 0 HB: 0 pack: 0.436249 unsat: 0
FlexPepDockingPoseMetrics: 213 bsa: 0 HB: 0 pack: 0.842574 unsat: 0
FlexPepDockingPoseMetrics: 214 bsa: 0 HB: 0 pack: 0.554126 unsat: 0
FlexPepDockingPoseMetrics: 215 bsa: 0 HB: 0 pack: 0.414201 unsat: 0
FlexPepDockingPoseMetrics: 216 bsa: 0 HB: 0 pack: 0.812954 unsat: 0
FlexPepDockingPoseMetrics: 217 bsa: 0 HB: 0 pack: 0.838317 unsat: 0
FlexPepDockingPoseMetrics: 218 bsa: 0 HB: 0 pack: 0.552277 unsat: 0
FlexPepDockingPoseMetrics: 219 bsa: 0 HB: 0 pack: 0.728504 unsat: 0
FlexPepDockingPoseMetrics: 220 bsa: 0 HB: 0 pack: 0.566026 unsat: 0
FlexPepDockingPoseMetrics: 221 bsa: 0 HB: 0 pack: 0.905423 unsat: 0
FlexPepDockingPoseMetrics: 222 bsa: 2.30907 HB: 0 pack: 0.564023 unsat: 0
FlexPepDockingPoseMetrics: 223 bsa: 0 HB: 0 pack: 0.914979 unsat: 0
FlexPepDockingPoseMetrics: 224 bsa: 0 HB: 0 pack: 0.923462 unsat: 0
FlexPepDockingPoseMetrics: 225 bsa: 0 HB: 0 pack: 0.910165 unsat: 0
FlexPepDockingPoseMetrics: 226 bsa: 0 HB: 0 pack: 0.262608 unsat: 0
FlexPepDockingPoseMetrics: 227 bsa: 0 HB: 0 pack: 0.698122 unsat: 0
FlexPepDockingPoseMetrics: 228 bsa: 0 HB: 0 pack: 0.515287 unsat: 0
FlexPepDockingPoseMetrics: 229 bsa: 0 HB: 0 pack: 0.750675 unsat: 0
FlexPepDockingPoseMetrics: 230 bsa: 0 HB: 0 pack: 0.712816 unsat: 0
FlexPepDockingPoseMetrics: 231 bsa: 0 HB: 0 pack: 0.742435 unsat: 0
FlexPepDockingPoseMetrics: 232 bsa: 0 HB: 0 pack: 0.517676 unsat: 0
FlexPepDockingPoseMetrics: 233 bsa: 0 HB: 0 pack: 0.896181 unsat: 0
FlexPepDockingPoseMetrics: 234 bsa: 0 HB: 0 pack: 0.870815 unsat: 0
FlexPepDockingPoseMetrics: 235 bsa: 0 HB: 0 pack: 0.908836 unsat: 0
FlexPepDockingPoseMetrics: 236 bsa: 0 HB: 0 pack: 0.513377 unsat: 0
FlexPepDockingPoseMetrics: 237 bsa: 0 HB: 0 pack: 0.750983 unsat: 0
FlexPepDockingPoseMetrics: 238 bsa: 0 HB: 0 pack: 0.803475 unsat: 0
FlexPepDockingPoseMetrics: 239 bsa: 0 HB: 0 pack: 0.796304 unsat: 0
FlexPepDockingPoseMetrics: 240 bsa: 0 HB: 0 pack: 0.801299 unsat: 0
FlexPepDockingPoseMetrics: 241 bsa: 0 HB: 0 pack: 0.796298 unsat: 0
FlexPepDockingPoseMetrics: 242 bsa: 0 HB: 0 pack: 0.834612 unsat: 0
FlexPepDockingPoseMetrics: 243 bsa: 0 HB: 0 pack: 0.422589 unsat: 0
FlexPepDockingPoseMetrics: 244 bsa: 0 HB: 0 pack: 0.319714 unsat: 0
FlexPepDockingProtocol:  residue 1 B  is at the interface
FlexPepDockingProtocol:  residue 2 B  is at the interface
FlexPepDockingProtocol:  residue 3 B  is at the interface
FlexPepDockingProtocol:  residue 4 B  is at the interface
FlexPepDockingProtocol:  residue 121 A  is at the interface
FlexPepDockingProtocol:  residue 163 A  is at the interface
FlexPepDockingProtocol:  residue 204 A  is at the interface
FlexPepDockingProtocol:  residue 205 A  is at the interface
FlexPepDockingProtocol:  residue 206 A  is at the interface
FlexPepDockingProtocol:  residue 207 A  is at the interface
FlexPepDockingProtocol:  residue 249 A  is at the interface
FlexPepDockingProtocol:  residue 250 A  is at the interface
FlexPepDockingProtocol:  residue 251 A  is at the interface
FlexPepDockingProtocol:  residue 256 A  is at the interface
FlexPepDockingPoseMetrics: nat 24
FlexPepDockingPoseMetrics: rec 7
FlexPepDockingPoseMetrics: nat 10
FlexPepDockingPoseMetrics: rec 2
FlexPepDockingPoseMetrics: nat 13
FlexPepDockingPoseMetrics: rec 3
protocols.jd2.JobDistributor: complex_2_ppk_0001 reported success in 771 seconds
protocols.jd2.JobDistributor: no more batches to process... 
protocols.jd2.JobDistributor: 1 jobs considered, 1 jobs attempted in 771 seconds
